First>>TESTNODE_pc>>default>>2>>1507837170109
2087<<Runtime Response<<2017-10-13 00:39:39.520 PKT<<TESTNODE_pc<<04147feb-b039-4fff-87cf-254527e76837
4041<<Runtime Response<<2017-10-13 00:39:39.521 PKT<<default<<275b66ca-6ff1-4218-92f4-03af82b807c7
2683<<Runtime Response<<2017-10-13 00:39:39.521 PKT<<PolicyManager
2871<<Administration Result<<2017-10-13 00:39:39.521 PKT<<hp\pc<<deploy<<C:/Users/pc/IBM/IIBT10/workspace/GeneratedBarFiles/Firstproject.generated.bar<<BAR<<default<<ExecutionGroup<<FAILED
First>>TESTNODE_pc>>default>>2>>1508010993464
2087<<Runtime Response<<2017-10-15 00:56:42.514 PKT<<TESTNODE_pc<<04147feb-b039-4fff-87cf-254527e76837
4041<<Runtime Response<<2017-10-15 00:56:42.515 PKT<<default<<275b66ca-6ff1-4218-92f4-03af82b807c7
2683<<Runtime Response<<2017-10-15 00:56:42.515 PKT<<PolicyManager
2871<<Administration Result<<2017-10-15 00:56:42.516 PKT<<hp\pc<<deploy<<C:/Users/pc/IBM/IIBT10/workspace/GeneratedBarFiles/Firstproject.generated.bar<<BAR<<default<<ExecutionGroup<<FAILED
First>>TESTNODE_pc>>default>>2>>1508263727833
2087<<Runtime Response<<2017-10-17 23:08:59.720 PKT<<TESTNODE_pc<<04147feb-b039-4fff-87cf-254527e76837
4041<<Runtime Response<<2017-10-17 23:08:59.720 PKT<<default<<275b66ca-6ff1-4218-92f4-03af82b807c7
2683<<Runtime Response<<2017-10-17 23:08:59.721 PKT<<PolicyManager
2871<<Administration Result<<2017-10-17 23:08:59.721 PKT<<hp\pc<<deploy<<C:/Users/pc/IBM/IIBT10/workspace/GeneratedBarFiles/Firstproject.generated.bar<<BAR<<default<<ExecutionGroup<<FAILED
First>>TESTNODE_pc>>default>>2>>1508533680909
2087<<Runtime Response<<2017-10-21 02:08:06.671 PKT<<TESTNODE_pc<<04147feb-b039-4fff-87cf-254527e76837
4041<<Runtime Response<<2017-10-21 02:08:06.671 PKT<<default<<275b66ca-6ff1-4218-92f4-03af82b807c7
2683<<Runtime Response<<2017-10-21 02:08:06.671 PKT<<PolicyManager
2871<<Administration Result<<2017-10-21 02:08:06.672 PKT<<hp\pc<<deploy<<C:/Users/pc/IBM/IIBT10/workspace/GeneratedBarFiles/Firstproject.generated.bar<<BAR<<default<<ExecutionGroup<<FAILED
First>>TESTNODE_pc>>default>>0>>1508679868416
2871<<Administration Result<<2017-10-22 18:44:40.428 PKT<<hp\pc<<deploy<<C:/Users/pc/IBM/IIBT10/workspace/GeneratedBarFiles/Firstproject.generated.bar<<BAR<<default<<ExecutionGroup<<COMPLETE
First>>TESTNODE_pc>>default>>0>>1508680456803
2871<<Administration Result<<2017-10-22 18:54:27.017 PKT<<hp\pc<<deploy<<C:/Users/pc/IBM/IIBT10/workspace/GeneratedBarFiles/Firstproject.generated.bar<<BAR<<default<<ExecutionGroup<<COMPLETE
First>>TESTNODE_pc>>default>>0>>1508680904457
2871<<Administration Result<<2017-10-22 19:01:53.361 PKT<<hp\pc<<deploy<<C:/Users/pc/IBM/IIBT10/workspace/GeneratedBarFiles/Firstproject.generated.bar<<BAR<<default<<ExecutionGroup<<COMPLETE
First>>TESTNODE_pc>>default>>0>>1509041538084
2871<<Administration Result<<2017-10-26 23:12:31.155 PKT<<hp\pc<<deploy<<C:/Users/pc/IBM/IIBT10/workspace/GeneratedBarFiles/Firstproject.generated.bar<<BAR<<default<<ExecutionGroup<<COMPLETE
First>>TESTNODE_pc>>default>>0>>1509376716280
2871<<Administration Result<<2017-10-30 20:18:51.487 PKT<<hp\pc<<deploy<<C:/Users/pc/IBM/IIBT10/workspace/GeneratedBarFiles/Firstproject.generated.bar<<BAR<<default<<ExecutionGroup<<COMPLETE
Addition>>aa>>aaa>>0>>1515431968241
2871<<Administration Result<<2018-01-08 22:19:38.021 PKT<<hp\pc<<deploy<<C:/Users/pc/IBM/IIBT10/workspace/GeneratedBarFiles/Additionproject.generated.bar<<BAR<<aaa<<ExecutionGroup<<COMPLETE
ReadFile>>aa>>aaa>>0>>1515471363953
2871<<Administration Result<<2018-01-09 09:16:11.132 PKT<<hp\pc<<deploy<<C:/Users/pc/IBM/IIBT10/workspace/GeneratedBarFiles/ReadFileproject.generated.bar<<BAR<<aaa<<ExecutionGroup<<COMPLETE
ReadFile>>aa>>aaa>>0>>1515471569387
2871<<Administration Result<<2018-01-09 09:19:34.192 PKT<<hp\pc<<deploy<<C:/Users/pc/IBM/IIBT10/workspace/GeneratedBarFiles/ReadFileproject.generated.bar<<BAR<<aaa<<ExecutionGroup<<COMPLETE
ReadFile>>aa>>aaa>>0>>1515471917517
2871<<Administration Result<<2018-01-09 09:25:22.201 PKT<<hp\pc<<deploy<<C:/Users/pc/IBM/IIBT10/workspace/GeneratedBarFiles/ReadFileproject.generated.bar<<BAR<<aaa<<ExecutionGroup<<COMPLETE
ReadFile>>aa>>aaa>>2>>1515473261788
2087<<Runtime Response<<2018-01-09 09:47:45.837 PKT<<aa<<600e6827-d654-4354-ab78-81bb5fc0f241
4041<<Runtime Response<<2018-01-09 09:47:45.838 PKT<<aaa<<0052a8a0-fae9-4b5d-b365-d54e173b76c8
4001<<Runtime Response<<2018-01-09 09:47:45.838 PKT<<gen.Read_Request_Response.Trace
2432<<Runtime Response<<2018-01-09 09:47:45.839 PKT<<<<2.3<<Error<<Environment, LocalEnvironment, Root, Body, Properties, ExceptionList, DestinationList<<gen.Read_Request_Response.Trace
2871<<Administration Result<<2018-01-09 09:47:45.840 PKT<<hp\pc<<deploy<<C:/Users/pc/IBM/IIBT10/workspace/GeneratedBarFiles/ReadFileproject.generated.bar<<BAR<<aaa<<ExecutionGroup<<FAILED
ReadFile>>aa>>aaa>>2>>1515473274071
2087<<Runtime Response<<2018-01-09 09:47:57.754 PKT<<aa<<600e6827-d654-4354-ab78-81bb5fc0f241
4041<<Runtime Response<<2018-01-09 09:47:57.755 PKT<<aaa<<0052a8a0-fae9-4b5d-b365-d54e173b76c8
4001<<Runtime Response<<2018-01-09 09:47:57.756 PKT<<gen.Read_Request_Response.Trace
2432<<Runtime Response<<2018-01-09 09:47:57.757 PKT<<<<2.3<<Error<<Environment, LocalEnvironment, Root, Body, Properties, ExceptionList, DestinationList<<gen.Read_Request_Response.Trace
2871<<Administration Result<<2018-01-09 09:47:57.757 PKT<<hp\pc<<deploy<<C:/Users/pc/IBM/IIBT10/workspace/GeneratedBarFiles/ReadFileproject.generated.bar<<BAR<<aaa<<ExecutionGroup<<FAILED
ReadFile>>aa>>aaa>>2>>1515473315843
2087<<Runtime Response<<2018-01-09 09:48:39.691 PKT<<aa<<600e6827-d654-4354-ab78-81bb5fc0f241
4041<<Runtime Response<<2018-01-09 09:48:39.692 PKT<<aaa<<0052a8a0-fae9-4b5d-b365-d54e173b76c8
4001<<Runtime Response<<2018-01-09 09:48:39.693 PKT<<gen.Read_Request_Response.Trace
2432<<Runtime Response<<2018-01-09 09:48:39.693 PKT<<<<6.3<<Exception<<Environment, LocalEnvironment, Root, Body, Properties, ExceptionList, DestinationList<<gen.Read_Request_Response.Trace
2871<<Administration Result<<2018-01-09 09:48:39.694 PKT<<hp\pc<<deploy<<C:/Users/pc/IBM/IIBT10/workspace/GeneratedBarFiles/ReadFileproject.generated.bar<<BAR<<aaa<<ExecutionGroup<<FAILED
ReadFile>>aa>>aaa>>2>>1515473406947
2087<<Runtime Response<<2018-01-09 09:50:11.717 PKT<<aa<<600e6827-d654-4354-ab78-81bb5fc0f241
4041<<Runtime Response<<2018-01-09 09:50:11.717 PKT<<aaa<<0052a8a0-fae9-4b5d-b365-d54e173b76c8
4001<<Runtime Response<<2018-01-09 09:50:11.718 PKT<<gen.Read_Request_Response.Trace
2432<<Runtime Response<<2018-01-09 09:50:11.718 PKT<<<<6.3<<Exception<<Environment, LocalEnvironment, Root, Body, Properties, ExceptionList, DestinationList<<gen.Read_Request_Response.Trace
2871<<Administration Result<<2018-01-09 09:50:11.718 PKT<<hp\pc<<deploy<<C:/Users/pc/IBM/IIBT10/workspace/GeneratedBarFiles/ReadFileproject.generated.bar<<BAR<<aaa<<ExecutionGroup<<FAILED
ReadFile>>aa>>aaa>>0>>1515473447432
2871<<Administration Result<<2018-01-09 09:50:53.674 PKT<<hp\pc<<deploy<<C:/Users/pc/IBM/IIBT10/workspace/GeneratedBarFiles/ReadFileproject.generated.bar<<BAR<<aaa<<ExecutionGroup<<COMPLETE
ReadFile>>aa>>aaa>>0>>1515473872981
2871<<Administration Result<<2018-01-09 09:57:55.980 PKT<<hp\pc<<deploy<<C:/Users/pc/IBM/IIBT10/workspace/GeneratedBarFiles/ReadFileproject.generated.bar<<BAR<<aaa<<ExecutionGroup<<COMPLETE
ReadFile>>aa>>aaa>>0>>1515474209563
2871<<Administration Result<<2018-01-09 10:03:35.429 PKT<<hp\pc<<deploy<<C:/Users/pc/IBM/IIBT10/workspace/GeneratedBarFiles/ReadFileproject.generated.bar<<BAR<<aaa<<ExecutionGroup<<COMPLETE
ReadFile>>aa>>aaa>>0>>1515474765032
2871<<Administration Result<<2018-01-09 10:12:49.307 PKT<<hp\pc<<deploy<<C:/Users/pc/IBM/IIBT10/workspace/GeneratedBarFiles/ReadFileproject.generated.bar<<BAR<<aaa<<ExecutionGroup<<COMPLETE
ReadFile>>aa>>aaa>>0>>1515475409083
2871<<Administration Result<<2018-01-09 10:23:35.458 PKT<<hp\pc<<deploy<<C:/Users/pc/IBM/IIBT10/workspace/GeneratedBarFiles/ReadFileproject.generated.bar<<BAR<<aaa<<ExecutionGroup<<COMPLETE
FileWrite>>aa>>aaa>>0>>1515476404078
2871<<Administration Result<<2018-01-09 10:40:06.457 PKT<<hp\pc<<deploy<<C:/Users/pc/IBM/IIBT10/workspace/GeneratedBarFiles/FileWriteproject.generated.bar<<BAR<<aaa<<ExecutionGroup<<COMPLETE
FileWrite>>aa>>aaa>>0>>1515476817258
2871<<Administration Result<<2018-01-09 10:47:02.486 PKT<<hp\pc<<deploy<<C:/Users/pc/IBM/IIBT10/workspace/GeneratedBarFiles/FileWriteproject.generated.bar<<BAR<<aaa<<ExecutionGroup<<COMPLETE
FileWrite>>aa>>aaa>>0>>1515477007676
2871<<Administration Result<<2018-01-09 10:50:11.487 PKT<<hp\pc<<deploy<<C:/Users/pc/IBM/IIBT10/workspace/GeneratedBarFiles/FileWriteproject.generated.bar<<BAR<<aaa<<ExecutionGroup<<COMPLETE
FileWrite>>aa>>aaa>>0>>1515477165593
2871<<Administration Result<<2018-01-09 10:52:52.256 PKT<<hp\pc<<deploy<<C:/Users/pc/IBM/IIBT10/workspace/GeneratedBarFiles/FileWriteproject.generated.bar<<BAR<<aaa<<ExecutionGroup<<COMPLETE
FileWrite>>aa>>aaa>>0>>1515477367581
2871<<Administration Result<<2018-01-09 10:56:14.050 PKT<<hp\pc<<deploy<<C:/Users/pc/IBM/IIBT10/workspace/GeneratedBarFiles/FileWriteproject.generated.bar<<BAR<<aaa<<ExecutionGroup<<COMPLETE
FileWrite>>aa>>aaa>>0>>1515477947746
2871<<Administration Result<<2018-01-09 11:05:54.169 PKT<<hp\pc<<deploy<<C:/Users/pc/IBM/IIBT10/workspace/GeneratedBarFiles/FileWriteproject.generated.bar<<BAR<<aaa<<ExecutionGroup<<COMPLETE
ReadFile>>aa>>aaa>>0>>1515479098288
2871<<Administration Result<<2018-01-09 11:25:04.788 PKT<<hp\pc<<deploy<<C:/Users/pc/IBM/IIBT10/workspace/GeneratedBarFiles/ReadFileproject.generated.bar<<BAR<<aaa<<ExecutionGroup<<COMPLETE
ReadFile>>aa>>aaa>>0>>1515479209256
2871<<Administration Result<<2018-01-09 11:26:54.115 PKT<<hp\pc<<deploy<<C:/Users/pc/IBM/IIBT10/workspace/GeneratedBarFiles/ReadFileproject.generated.bar<<BAR<<aaa<<ExecutionGroup<<COMPLETE
ReadFile>>aa>>aaa>>0>>1515479959725
2871<<Administration Result<<2018-01-09 11:39:23.834 PKT<<hp\pc<<deploy<<C:/Users/pc/IBM/IIBT10/workspace/GeneratedBarFiles/ReadFileproject.generated.bar<<BAR<<aaa<<ExecutionGroup<<COMPLETE
ReadFile>>aa>>aaa>>0>>1515480409047
2871<<Administration Result<<2018-01-09 11:46:54.147 PKT<<hp\pc<<deploy<<C:/Users/pc/IBM/IIBT10/workspace/GeneratedBarFiles/ReadFileproject.generated.bar<<BAR<<aaa<<ExecutionGroup<<COMPLETE
ReadFile>>aa>>aaa>>0>>1515480533619
2871<<Administration Result<<2018-01-09 11:48:55.791 PKT<<hp\pc<<deploy<<C:/Users/pc/IBM/IIBT10/workspace/TestModeBarFiles/ReadFileproject.TestMode.bar<<BAR<<aaa<<ExecutionGroup<<COMPLETE
ReadFile>>aa>>aaa>>0>>1515480725717
2871<<Administration Result<<2018-01-09 11:52:12.188 PKT<<hp\pc<<deploy<<C:/Users/pc/IBM/IIBT10/workspace/GeneratedBarFiles/ReadFileproject.generated.bar<<BAR<<aaa<<ExecutionGroup<<COMPLETE
aa_aaa.bar>>aa>>aaa>>0>>1515481027642
2871<<Administration Result<<2018-01-09 11:57:16.611 PKT<<hp\pc<<deploy<<20180109_1157_06<<BAR<<aaa<<ExecutionGroup<<COMPLETE
ReadFile>>aa>>aaa>>2>>1515481415757
2087<<Runtime Response<<2018-01-09 12:09:24.861 PKT<<aa<<600e6827-d654-4354-ab78-81bb5fc0f241
4041<<Runtime Response<<2018-01-09 12:09:24.861 PKT<<aaa<<0052a8a0-fae9-4b5d-b365-d54e173b76c8
2242<<Runtime Response<<2018-01-09 12:09:24.861 PKT<<300000<<gen.ReadFile
2871<<Administration Result<<2018-01-09 12:09:24.861 PKT<<hp\pc<<deploy<<C:/Users/pc/IBM/IIBT10/workspace/GeneratedBarFiles/ReadFileproject.generated.bar<<BAR<<aaa<<ExecutionGroup<<FAILED
aa_aaa.bar>>aa>>aaa>>0>>1515483354054
2871<<Administration Result<<2018-01-09 12:35:58.785 PKT<<hp\pc<<deploy<<20180109_1235_53<<BAR<<aaa<<ExecutionGroup<<COMPLETE
SimpleTest>>aa>>aaa>>0>>1515484012970
2871<<Administration Result<<2018-01-09 12:46:55.910 PKT<<hp\pc<<deploy<<C:/Users/pc/IBM/IIBT10/workspace/GeneratedBarFiles/SimpleTestproject.generated.bar<<BAR<<aaa<<ExecutionGroup<<COMPLETE
aa_aaa.bar>>aa>>aaa>>0>>1515484061827
2871<<Administration Result<<2018-01-09 12:47:47.506 PKT<<hp\pc<<deploy<<20180109_1247_41<<BAR<<aaa<<ExecutionGroup<<COMPLETE
SimpleTest>>aa>>aaa>>0>>1515484351442
2871<<Administration Result<<2018-01-09 12:52:37.401 PKT<<hp\pc<<deploy<<C:/Users/pc/IBM/IIBT10/workspace/TestModeBarFiles/SimpleTestproject.TestMode.bar<<BAR<<aaa<<ExecutionGroup<<COMPLETE
aa_aaa.bar>>aa>>aaa>>0>>1515484778486
2871<<Administration Result<<2018-01-09 12:59:44.098 PKT<<hp\pc<<deploy<<20180109_1259_38<<BAR<<aaa<<ExecutionGroup<<COMPLETE
SimpleTest>>aa>>aaa>>0>>1515485248716
2871<<Administration Result<<2018-01-09 13:07:32.931 PKT<<hp\pc<<deploy<<C:/Users/pc/IBM/IIBT10/workspace/GeneratedBarFiles/SimpleTestproject.generated.bar<<BAR<<aaa<<ExecutionGroup<<COMPLETE
SimpleTest>>aa>>aaa>>0>>1515485304974
2871<<Administration Result<<2018-01-09 13:08:29.308 PKT<<hp\pc<<deploy<<C:/Users/pc/IBM/IIBT10/workspace/GeneratedBarFiles/SimpleTestproject.generated.bar<<BAR<<aaa<<ExecutionGroup<<COMPLETE
aa_aaa.bar>>aa>>aaa>>0>>1515485346287
2871<<Administration Result<<2018-01-09 13:09:10.805 PKT<<hp\pc<<deploy<<20180109_0109_06<<BAR<<aaa<<ExecutionGroup<<COMPLETE
SimpleTest>>aa>>aaa>>0>>1515489415168
2871<<Administration Result<<2018-01-09 14:16:59.931 PKT<<hp\pc<<deploy<<C:/Users/pc/IBM/IIBT10/workspace/GeneratedBarFiles/SimpleTestproject.generated.bar<<BAR<<aaa<<ExecutionGroup<<COMPLETE
SimpleTest>>aa>>aaa>>0>>1515489432300
2871<<Administration Result<<2018-01-09 14:17:16.219 PKT<<hp\pc<<deploy<<C:/Users/pc/IBM/IIBT10/workspace/GeneratedBarFiles/SimpleTestproject.generated.bar<<BAR<<aaa<<ExecutionGroup<<COMPLETE
aa_aaa.bar>>aa>>aaa>>0>>1515489493345
2871<<Administration Result<<2018-01-09 14:18:17.700 PKT<<hp\pc<<deploy<<20180109_0218_12<<BAR<<aaa<<ExecutionGroup<<COMPLETE
SimpleTest>>aa>>aaa>>0>>1515489773115
2871<<Administration Result<<2018-01-09 14:22:58.623 PKT<<hp\pc<<deploy<<C:/Users/pc/IBM/IIBT10/workspace/GeneratedBarFiles/SimpleTestproject.generated.bar<<BAR<<aaa<<ExecutionGroup<<COMPLETE
aa_aaa.bar>>aa>>aaa>>0>>1515489849562
2871<<Administration Result<<2018-01-09 14:24:15.052 PKT<<hp\pc<<deploy<<20180109_0224_08<<BAR<<aaa<<ExecutionGroup<<COMPLETE
SimpleTest>>aa>>aaa>>0>>1515490897314
2871<<Administration Result<<2018-01-09 14:42:15.074 PKT<<hp\pc<<deploy<<C:/Users/pc/IBM/IIBT10/workspace/GeneratedBarFiles/SimpleTestproject.generated.bar<<BAR<<aaa<<ExecutionGroup<<COMPLETE
SimpleTest>>aa>>aaa>>0>>1515490941502
2871<<Administration Result<<2018-01-09 14:42:26.360 PKT<<hp\pc<<deploy<<C:/Users/pc/IBM/IIBT10/workspace/GeneratedBarFiles/SimpleTestproject.generated.bar<<BAR<<aaa<<ExecutionGroup<<COMPLETE
aa_aaa.bar>>aa>>aaa>>0>>1515491001831
2871<<Administration Result<<2018-01-09 14:43:28.327 PKT<<hp\pc<<deploy<<20180109_0243_21<<BAR<<aaa<<ExecutionGroup<<COMPLETE
SimpleTest>>aa>>aaa>>0>>1515492087040
2871<<Administration Result<<2018-01-09 15:01:29.153 PKT<<hp\pc<<deploy<<C:/Users/pc/IBM/IIBT10/workspace/GeneratedBarFiles/SimpleTestproject.generated.bar<<BAR<<aaa<<ExecutionGroup<<COMPLETE
aa_aaa.bar>>aa>>aaa>>0>>1515492146336
2871<<Administration Result<<2018-01-09 15:02:30.827 PKT<<hp\pc<<deploy<<20180109_0302_26<<BAR<<aaa<<ExecutionGroup<<COMPLETE
SimpleTest>>aa>>aaa>>0>>1515492854461
2871<<Administration Result<<2018-01-09 15:14:17.763 PKT<<hp\pc<<deploy<<C:/Users/pc/IBM/IIBT10/workspace/GeneratedBarFiles/SimpleTestproject.generated.bar<<BAR<<aaa<<ExecutionGroup<<COMPLETE
aa_aaa.bar>>aa>>aaa>>0>>1515492926563
2871<<Administration Result<<2018-01-09 15:15:29.224 PKT<<hp\pc<<deploy<<20180109_0315_26<<BAR<<aaa<<ExecutionGroup<<COMPLETE
Addition>>aa>>aaa>>0>>1515496464367
2871<<Administration Result<<2018-01-09 16:14:26.620 PKT<<hp\pc<<deploy<<C:/Users/pc/IBM/IIBT10/workspace/GeneratedBarFiles/Additionproject.generated.bar<<BAR<<aaa<<ExecutionGroup<<COMPLETE
TestingService>>aa>>aaa>>0>>1515498734298
2871<<Administration Result<<2018-01-09 16:52:23.417 PKT<<hp\pc<<deploy<<C:/Users/pc/IBM/IIBT10/workspace/GeneratedBarFiles/TestingServiceproject.generated.bar<<BAR<<aaa<<ExecutionGroup<<COMPLETE
ReadFile>>aa>>aaa>>0>>1515499034937
2871<<Administration Result<<2018-01-09 16:57:17.188 PKT<<hp\pc<<deploy<<C:/Users/pc/IBM/IIBT10/workspace/GeneratedBarFiles/ReadFileproject.generated.bar<<BAR<<aaa<<ExecutionGroup<<COMPLETE
aa_aaa.bar>>aa>>aaa>>0>>1515499089699
2871<<Administration Result<<2018-01-09 16:58:27.445 PKT<<hp\pc<<deploy<<20180109_0458_09<<BAR<<aaa<<ExecutionGroup<<COMPLETE
ReadFile>>aa>>aaa>>0>>1515499335030
2871<<Administration Result<<2018-01-09 17:02:18.091 PKT<<hp\pc<<deploy<<C:/Users/pc/IBM/IIBT10/workspace/GeneratedBarFiles/ReadFileproject.generated.bar<<BAR<<aaa<<ExecutionGroup<<COMPLETE
aa_aaa.bar>>aa>>aaa>>0>>1515499395066
2871<<Administration Result<<2018-01-09 17:03:19.617 PKT<<hp\pc<<deploy<<20180109_0503_13<<BAR<<aaa<<ExecutionGroup<<COMPLETE
ReadFile>>aa>>aaa>>0>>1515499906867
2871<<Administration Result<<2018-01-09 17:11:50.886 PKT<<hp\pc<<deploy<<C:/Users/pc/IBM/IIBT10/workspace/GeneratedBarFiles/ReadFileproject.generated.bar<<BAR<<aaa<<ExecutionGroup<<COMPLETE
ReadFile>>aa>>aaa>>0>>1515499928146
2871<<Administration Result<<2018-01-09 17:12:12.161 PKT<<hp\pc<<deploy<<C:/Users/pc/IBM/IIBT10/workspace/GeneratedBarFiles/ReadFileproject.generated.bar<<BAR<<aaa<<ExecutionGroup<<COMPLETE
aa_aaa.bar>>aa>>aaa>>0>>1515499953664
2871<<Administration Result<<2018-01-09 17:12:38.771 PKT<<hp\pc<<deploy<<20180109_0512_33<<BAR<<aaa<<ExecutionGroup<<COMPLETE
FileReadWrite>>aa>>aaa>>0>>1515559252583
2871<<Administration Result<<2018-01-10 09:40:53.866 PKT<<hp\pc<<deploy<<C:/Users/pc/IBM/IIBT10/workspace/GeneratedBarFiles/FileReadWriteproject.generated.bar<<BAR<<aaa<<ExecutionGroup<<COMPLETE
FileReadWrite>>aa>>aaa>>0>>1515567794413
2871<<Administration Result<<2018-01-10 12:03:19.298 PKT<<hp\pc<<deploy<<C:/Users/pc/IBM/IIBT10/workspace/GeneratedBarFiles/FileReadWriteproject.generated.bar<<BAR<<aaa<<ExecutionGroup<<COMPLETE
FileReadWrite>>aa>>aaa>>2>>1515571071850
2087<<Runtime Response<<2018-01-10 12:57:59.433 PKT<<aa<<600e6827-d654-4354-ab78-81bb5fc0f241
4041<<Runtime Response<<2018-01-10 12:57:59.435 PKT<<aaa<<0052a8a0-fae9-4b5d-b365-d54e173b76c8
2432<<Runtime Response<<2018-01-10 12:57:59.435 PKT<<.FileReadWrite_Compute.Main<<8.12<<InputRoor.XMLNSC.person.employee.name<<Environment, InputLocalEnvironment, OutputLocalEnvironment, InputRoot, InputBody, InputProperties, OutputRoot, InputExceptionList, OutputExceptionList, InputDestinationList, OutputDestinationList, name, age, role, city
2871<<Administration Result<<2018-01-10 12:57:59.436 PKT<<hp\pc<<deploy<<C:/Users/pc/IBM/IIBT10/workspace/GeneratedBarFiles/FileReadWriteproject.generated.bar<<BAR<<aaa<<ExecutionGroup<<FAILED
FileReadWrite>>aa>>aaa>>2>>1515571121002
2087<<Runtime Response<<2018-01-10 12:58:47.453 PKT<<aa<<600e6827-d654-4354-ab78-81bb5fc0f241
4041<<Runtime Response<<2018-01-10 12:58:47.453 PKT<<aaa<<0052a8a0-fae9-4b5d-b365-d54e173b76c8
2432<<Runtime Response<<2018-01-10 12:58:47.453 PKT<<.FileReadWrite_Compute.Main<<8.12<<InputRoor.XMLNSC.person.employee.name<<Environment, InputLocalEnvironment, OutputLocalEnvironment, InputRoot, InputBody, InputProperties, OutputRoot, InputExceptionList, OutputExceptionList, InputDestinationList, OutputDestinationList, name, age, role, city
2871<<Administration Result<<2018-01-10 12:58:47.453 PKT<<hp\pc<<deploy<<C:/Users/pc/IBM/IIBT10/workspace/GeneratedBarFiles/FileReadWriteproject.generated.bar<<BAR<<aaa<<ExecutionGroup<<FAILED
FileReadWrite>>aa>>aaa>>2>>1515571183998
2087<<Runtime Response<<2018-01-10 12:59:51.570 PKT<<aa<<600e6827-d654-4354-ab78-81bb5fc0f241
4041<<Runtime Response<<2018-01-10 12:59:51.570 PKT<<aaa<<0052a8a0-fae9-4b5d-b365-d54e173b76c8
2420<<Runtime Response<<2018-01-10 12:59:51.570 PKT<<.FileReadWrite_Compute.Main<<12.41<<||
2871<<Administration Result<<2018-01-10 12:59:51.570 PKT<<hp\pc<<deploy<<C:/Users/pc/IBM/IIBT10/workspace/GeneratedBarFiles/FileReadWriteproject.generated.bar<<BAR<<aaa<<ExecutionGroup<<FAILED
FileReadWrite>>aa>>aaa>>2>>1515571357893
2087<<Runtime Response<<2018-01-10 13:02:45.945 PKT<<aa<<600e6827-d654-4354-ab78-81bb5fc0f241
4041<<Runtime Response<<2018-01-10 13:02:45.945 PKT<<aaa<<0052a8a0-fae9-4b5d-b365-d54e173b76c8
2420<<Runtime Response<<2018-01-10 13:02:45.945 PKT<<.FileReadWrite_Compute.Main<<12.46<<||
2871<<Administration Result<<2018-01-10 13:02:45.946 PKT<<hp\pc<<deploy<<C:/Users/pc/IBM/IIBT10/workspace/GeneratedBarFiles/FileReadWriteproject.generated.bar<<BAR<<aaa<<ExecutionGroup<<FAILED
FileReadWrite>>aa>>aaa>>0>>1515571435714
2871<<Administration Result<<2018-01-10 13:03:58.784 PKT<<hp\pc<<deploy<<C:/Users/pc/IBM/IIBT10/workspace/GeneratedBarFiles/FileReadWriteproject.generated.bar<<BAR<<aaa<<ExecutionGroup<<COMPLETE
FileReadWrite>>aa>>aaa>>0>>1515571685718
2871<<Administration Result<<2018-01-10 13:08:11.500 PKT<<hp\pc<<deploy<<C:/Users/pc/IBM/IIBT10/workspace/GeneratedBarFiles/FileReadWriteproject.generated.bar<<BAR<<aaa<<ExecutionGroup<<COMPLETE
FileReadWrite>>aa>>aaa>>0>>1515572124916
2871<<Administration Result<<2018-01-10 13:15:29.776 PKT<<hp\pc<<deploy<<C:/Users/pc/IBM/IIBT10/workspace/GeneratedBarFiles/FileReadWriteproject.generated.bar<<BAR<<aaa<<ExecutionGroup<<COMPLETE
FileReadWrite>>aa>>aaa>>0>>1515572387295
2871<<Administration Result<<2018-01-10 13:19:52.542 PKT<<hp\pc<<deploy<<C:/Users/pc/IBM/IIBT10/workspace/GeneratedBarFiles/FileReadWriteproject.generated.bar<<BAR<<aaa<<ExecutionGroup<<COMPLETE
FileReadWrite>>aa>>aaa>>0>>1515572429819
2871<<Administration Result<<2018-01-10 13:20:34.813 PKT<<hp\pc<<deploy<<C:/Users/pc/IBM/IIBT10/workspace/GeneratedBarFiles/FileReadWriteproject.generated.bar<<BAR<<aaa<<ExecutionGroup<<COMPLETE
FileReadWrite>>aa>>aaa>>0>>1515572516911
2871<<Administration Result<<2018-01-10 13:22:02.127 PKT<<hp\pc<<deploy<<C:/Users/pc/IBM/IIBT10/workspace/GeneratedBarFiles/FileReadWriteproject.generated.bar<<BAR<<aaa<<ExecutionGroup<<COMPLETE
FileReadWrite>>aa>>aaa>>0>>1515572857483
2871<<Administration Result<<2018-01-10 13:27:43.928 PKT<<hp\pc<<deploy<<C:/Users/pc/IBM/IIBT10/workspace/GeneratedBarFiles/FileReadWriteproject.generated.bar<<BAR<<aaa<<ExecutionGroup<<COMPLETE
FileReadWrite>>aa>>aaa>>0>>1515572947738
2871<<Administration Result<<2018-01-10 13:29:10.272 PKT<<hp\pc<<deploy<<C:/Users/pc/IBM/IIBT10/workspace/GeneratedBarFiles/FileReadWriteproject.generated.bar<<BAR<<aaa<<ExecutionGroup<<COMPLETE
FileReadWrite>>aa>>aaa>>5>>1515576769725
FileReadWrite>>aa>>aaa>>5>>1515577017763
FileReadWrite>>aa>>aaa>>5>>1515577488225
FileReadWrite>>aa>>aaa>>5>>1515577852789
FileReadWrite>>aa>>aaa>>0>>1515578712057
2871<<Administration Result<<2018-01-10 15:05:15.400 PKT<<hp\pc<<deploy<<C:/Users/pc/IBM/IIBT10/workspace/GeneratedBarFiles/FileReadWriteproject.generated.bar<<BAR<<aaa<<ExecutionGroup<<COMPLETE
FileReadWrite>>aa>>aaa>>0>>1515579088468
2871<<Administration Result<<2018-01-10 15:11:33.867 PKT<<hp\pc<<deploy<<C:/Users/pc/IBM/IIBT10/workspace/GeneratedBarFiles/FileReadWriteproject.generated.bar<<BAR<<aaa<<ExecutionGroup<<COMPLETE
FileReadWrite>>aa>>aaa>>0>>1515580308572
2871<<Administration Result<<2018-01-10 15:31:53.470 PKT<<hp\pc<<deploy<<C:/Users/pc/IBM/IIBT10/workspace/GeneratedBarFiles/FileReadWriteproject.generated.bar<<BAR<<aaa<<ExecutionGroup<<COMPLETE
FileReadWrite>>aa>>aaa>>0>>1515580517454
2871<<Administration Result<<2018-01-10 15:35:21.290 PKT<<hp\pc<<deploy<<C:/Users/pc/IBM/IIBT10/workspace/GeneratedBarFiles/FileReadWriteproject.generated.bar<<BAR<<aaa<<ExecutionGroup<<COMPLETE
FileReadWrite>>aa>>aaa>>0>>1515580560439
2871<<Administration Result<<2018-01-10 15:36:03.230 PKT<<hp\pc<<deploy<<C:/Users/pc/IBM/IIBT10/workspace/GeneratedBarFiles/FileReadWriteproject.generated.bar<<BAR<<aaa<<ExecutionGroup<<COMPLETE
FileReadWrite>>aa>>aaa>>0>>1515581598702
2871<<Administration Result<<2018-01-10 15:53:22.372 PKT<<hp\pc<<deploy<<C:/Users/pc/IBM/IIBT10/workspace/GeneratedBarFiles/FileReadWriteproject.generated.bar<<BAR<<aaa<<ExecutionGroup<<COMPLETE
FileReadWrite>>aa>>aaa>>0>>1515581625263
2871<<Administration Result<<2018-01-10 15:53:49.424 PKT<<hp\pc<<deploy<<C:/Users/pc/IBM/IIBT10/workspace/GeneratedBarFiles/FileReadWriteproject.generated.bar<<BAR<<aaa<<ExecutionGroup<<COMPLETE
FileReadWrite>>aa>>aaa>>0>>1515581672631
2871<<Administration Result<<2018-01-10 15:54:36.639 PKT<<hp\pc<<deploy<<C:/Users/pc/IBM/IIBT10/workspace/GeneratedBarFiles/FileReadWriteproject.generated.bar<<BAR<<aaa<<ExecutionGroup<<COMPLETE
FileReadWrite>>aa>>aaa>>0>>1515582139255
2871<<Administration Result<<2018-01-10 16:02:20.653 PKT<<hp\pc<<deploy<<C:/Users/pc/IBM/IIBT10/workspace/GeneratedBarFiles/FileReadWriteproject.generated.bar<<BAR<<aaa<<ExecutionGroup<<COMPLETE
FileReadWrite>>aa>>aaa>>0>>1515582163895
2871<<Administration Result<<2018-01-10 16:02:48.136 PKT<<hp\pc<<deploy<<C:/Users/pc/IBM/IIBT10/workspace/GeneratedBarFiles/FileReadWriteproject.generated.bar<<BAR<<aaa<<ExecutionGroup<<COMPLETE
FileReadWrite>>aa>>aaa>>0>>1515582375764
2871<<Administration Result<<2018-01-10 16:06:20.798 PKT<<hp\pc<<deploy<<C:/Users/pc/IBM/IIBT10/workspace/GeneratedBarFiles/FileReadWriteproject.generated.bar<<BAR<<aaa<<ExecutionGroup<<COMPLETE
FirstRest>>aa>>aaa>>0>>1515649097691
2871<<Administration Result<<2018-01-11 10:38:19.445 PKT<<hp\pc<<deploy<<C:/Users/pc/IBM/IIBT10/workspace/GeneratedBarFiles/FirstRestproject.generated.bar<<BAR<<aaa<<ExecutionGroup<<COMPLETE
FirstRest>>aa>>aaa>>0>>1515650710963
2871<<Administration Result<<2018-01-11 11:05:15.121 PKT<<hp\pc<<deploy<<C:/Users/pc/IBM/IIBT10/workspace/GeneratedBarFiles/FirstRestproject.generated.bar<<BAR<<aaa<<ExecutionGroup<<COMPLETE
FirstRest>>aa>>aaa>>0>>1515651894247
2871<<Administration Result<<2018-01-11 11:24:57.748 PKT<<hp\pc<<deploy<<C:/Users/pc/IBM/IIBT10/workspace/GeneratedBarFiles/FirstRestproject.generated.bar<<BAR<<aaa<<ExecutionGroup<<COMPLETE
FirstRest>>aa>>aaa>>0>>1515657520392
2871<<Administration Result<<2018-01-11 12:58:43.125 PKT<<hp\pc<<deploy<<C:/Users/pc/IBM/IIBT10/workspace/GeneratedBarFiles/FirstRestproject.generated.bar<<BAR<<aaa<<ExecutionGroup<<COMPLETE
ReadFile>>aa>>aaa>>0>>1515663582798
2871<<Administration Result<<2018-01-11 14:39:47.105 PKT<<hp\pc<<deploy<<C:/Users/pc/IBM/IIBT10/workspace/GeneratedBarFiles/ReadFileproject.generated.bar<<BAR<<aaa<<ExecutionGroup<<COMPLETE
TestLog4jService>>aa>>aaa>>2>>1515668900564
2087<<Runtime Response<<2018-01-11 16:08:22.131 PKT<<aa<<600e6827-d654-4354-ab78-81bb5fc0f241
4041<<Runtime Response<<2018-01-11 16:08:22.131 PKT<<aaa<<0052a8a0-fae9-4b5d-b365-d54e173b76c8
2241<<Runtime Response<<2018-01-11 16:08:22.131 PKT<<Log4jLoggingPluginNode<<gen.reverseName_Request_Response
2871<<Administration Result<<2018-01-11 16:08:22.132 PKT<<hp\pc<<deploy<<C:/Users/pc/IBM/IIBT10/workspace/GeneratedBarFiles/TestLog4jServiceproject.generated.bar<<BAR<<aaa<<ExecutionGroup<<FAILED
TestLog4jService>>aa>>aaa>>2>>1515669033755
2087<<Runtime Response<<2018-01-11 16:10:36.439 PKT<<aa<<600e6827-d654-4354-ab78-81bb5fc0f241
4041<<Runtime Response<<2018-01-11 16:10:36.439 PKT<<aaa<<0052a8a0-fae9-4b5d-b365-d54e173b76c8
2241<<Runtime Response<<2018-01-11 16:10:36.439 PKT<<Log4jLoggingPluginNode<<gen.reverseName_Request_Response
2871<<Administration Result<<2018-01-11 16:10:36.439 PKT<<hp\pc<<deploy<<C:/Users/pc/IBM/IIBT10/workspace/GeneratedBarFiles/TestLog4jServiceproject.generated.bar<<BAR<<aaa<<ExecutionGroup<<FAILED
TestLog4jService>>aa>>aaa>>2>>1515669206487
2087<<Runtime Response<<2018-01-11 16:13:29.632 PKT<<aa<<600e6827-d654-4354-ab78-81bb5fc0f241
4041<<Runtime Response<<2018-01-11 16:13:29.634 PKT<<aaa<<0052a8a0-fae9-4b5d-b365-d54e173b76c8
2241<<Runtime Response<<2018-01-11 16:13:29.634 PKT<<Log4jLoggingPluginNode<<gen.reverseName_Request_Response
2871<<Administration Result<<2018-01-11 16:13:29.634 PKT<<hp\pc<<deploy<<C:/Users/pc/IBM/IIBT10/workspace/GeneratedBarFiles/TestLog4jServiceproject.generated.bar<<BAR<<aaa<<ExecutionGroup<<FAILED
TestLog4jService>>aa>>aaa>>2>>1515669644766
2087<<Runtime Response<<2018-01-11 16:20:47.327 PKT<<aa<<600e6827-d654-4354-ab78-81bb5fc0f241
4041<<Runtime Response<<2018-01-11 16:20:47.328 PKT<<aaa<<0052a8a0-fae9-4b5d-b365-d54e173b76c8
2241<<Runtime Response<<2018-01-11 16:20:47.328 PKT<<Log4jLoggingPluginNode<<gen.reverseName_Request_Response
2871<<Administration Result<<2018-01-11 16:20:47.328 PKT<<hp\pc<<deploy<<C:/Users/pc/IBM/IIBT10/workspace/GeneratedBarFiles/TestLog4jServiceproject.generated.bar<<BAR<<aaa<<ExecutionGroup<<FAILED
TestLog4jService>>aa>>aaa>>2>>1515670127180
2087<<Runtime Response<<2018-01-11 16:28:49.651 PKT<<aa<<600e6827-d654-4354-ab78-81bb5fc0f241
4041<<Runtime Response<<2018-01-11 16:28:49.651 PKT<<aaa<<0052a8a0-fae9-4b5d-b365-d54e173b76c8
2241<<Runtime Response<<2018-01-11 16:28:49.652 PKT<<Log4jLoggingPluginNode<<gen.reverseName_Request_Response
2871<<Administration Result<<2018-01-11 16:28:49.653 PKT<<hp\pc<<deploy<<C:/Users/pc/IBM/IIBT10/workspace/GeneratedBarFiles/TestLog4jServiceproject.generated.bar<<BAR<<aaa<<ExecutionGroup<<FAILED
TestLog4jService>>aa>>aaa>>2>>1515670350137
2087<<Runtime Response<<2018-01-11 16:32:32.623 PKT<<aa<<600e6827-d654-4354-ab78-81bb5fc0f241
4041<<Runtime Response<<2018-01-11 16:32:32.624 PKT<<aaa<<0052a8a0-fae9-4b5d-b365-d54e173b76c8
2241<<Runtime Response<<2018-01-11 16:32:32.625 PKT<<Log4jLoggingPluginNode<<gen.reverseName_Request_Response
2871<<Administration Result<<2018-01-11 16:32:32.625 PKT<<hp\pc<<deploy<<C:/Users/pc/IBM/IIBT10/workspace/GeneratedBarFiles/TestLog4jServiceproject.generated.bar<<BAR<<aaa<<ExecutionGroup<<FAILED
TestLog4jService>>aa>>aaa>>2>>1515670606165
2087<<Runtime Response<<2018-01-11 16:36:48.694 PKT<<aa<<600e6827-d654-4354-ab78-81bb5fc0f241
4041<<Runtime Response<<2018-01-11 16:36:48.694 PKT<<aaa<<0052a8a0-fae9-4b5d-b365-d54e173b76c8
2241<<Runtime Response<<2018-01-11 16:36:48.694 PKT<<Log4jLoggingPluginNode<<gen.reverseName_Request_Response
2871<<Administration Result<<2018-01-11 16:36:48.695 PKT<<hp\pc<<deploy<<C:/Users/pc/IBM/IIBT10/workspace/GeneratedBarFiles/TestLog4jServiceproject.generated.bar<<BAR<<aaa<<ExecutionGroup<<FAILED
TestLog4jService>>aa>>asa>>2>>1515671654367
2087<<Runtime Response<<2018-01-11 16:54:17.298 PKT<<aa<<600e6827-d654-4354-ab78-81bb5fc0f241
4041<<Runtime Response<<2018-01-11 16:54:17.298 PKT<<asa<<7c3b9dbf-280e-4df8-98ab-ad594d6c77fc
2241<<Runtime Response<<2018-01-11 16:54:17.299 PKT<<Log4jLoggingPluginNode<<gen.reverseName_Request_Response
2871<<Administration Result<<2018-01-11 16:54:17.299 PKT<<hp\pc<<deploy<<C:/Users/pc/IBM/IIBT10/workspace/GeneratedBarFiles/TestLog4jServiceproject.generated.bar<<BAR<<asa<<ExecutionGroup<<FAILED
TestLog4jService>>aa>>asa>>0>>1515674500517
2871<<Administration Result<<2018-01-11 17:41:46.827 PKT<<hp\pc<<deploy<<C:/Users/pc/IBM/IIBT10/workspace/GeneratedBarFiles/TestLog4jServiceproject.generated.bar<<BAR<<asa<<ExecutionGroup<<COMPLETE
aa_aaa.bar>>aa>>aaa>>0>>1515674841482
2871<<Administration Result<<2018-01-11 17:47:33.063 PKT<<hp\pc<<deploy<<20180111_0547_20<<BAR<<aaa<<ExecutionGroup<<COMPLETE
TestLog4jService>>aa>>asa>>0>>1515675178331
2871<<Administration Result<<2018-01-11 17:53:04.021 PKT<<hp\pc<<deploy<<C:/Users/pc/IBM/IIBT10/workspace/GeneratedBarFiles/TestLog4jServiceproject.generated.bar<<BAR<<asa<<ExecutionGroup<<COMPLETE
aa_aaa.bar>>aa>>aaa>>0>>1515675216235
2871<<Administration Result<<2018-01-11 17:53:41.070 PKT<<hp\pc<<deploy<<20180111_0553_35<<BAR<<aaa<<ExecutionGroup<<COMPLETE
TestLog4jService>>aa>>asa>>0>>1515675550278
2871<<Administration Result<<2018-01-11 17:59:14.188 PKT<<hp\pc<<deploy<<C:/Users/pc/IBM/IIBT10/workspace/GeneratedBarFiles/TestLog4jServiceproject.generated.bar<<BAR<<asa<<ExecutionGroup<<COMPLETE
aa_asa.bar>>aa>>asa>>0>>1515675580805
2871<<Administration Result<<2018-01-11 17:59:46.048 PKT<<hp\pc<<deploy<<20180111_0559_39<<BAR<<asa<<ExecutionGroup<<COMPLETE
TestLog4jService>>aa>>asa>>0>>1515675709374
2871<<Administration Result<<2018-01-11 18:01:52.597 PKT<<hp\pc<<deploy<<C:/Users/pc/IBM/IIBT10/workspace/GeneratedBarFiles/TestLog4jServiceproject.generated.bar<<BAR<<asa<<ExecutionGroup<<COMPLETE
aa_asa.bar>>aa>>asa>>0>>1515675742354
2871<<Administration Result<<2018-01-11 18:02:29.113 PKT<<hp\pc<<deploy<<20180111_0602_21<<BAR<<asa<<ExecutionGroup<<COMPLETE
SimpleLog4j>>aa>>asa>>0>>1515696405031
2871<<Administration Result<<2018-01-11 23:46:46.630 PKT<<hp\pc<<deploy<<C:/Users/pc/IBM/IIBT10/workspace/GeneratedBarFiles/SimpleLog4jproject.generated.bar<<BAR<<asa<<ExecutionGroup<<COMPLETE
SimpleLog4j>>aa>>asa>>2>>1515733237878
2087<<Runtime Response<<2018-01-12 10:00:41.535 PKT<<aa<<600e6827-d654-4354-ab78-81bb5fc0f241
4041<<Runtime Response<<2018-01-12 10:00:41.536 PKT<<asa<<7c3b9dbf-280e-4df8-98ab-ad594d6c77fc
2432<<Runtime Response<<2018-01-12 10:00:41.536 PKT<<.SimpleLog4j_Compute.Main<<10.6<<SIMPOC_Log4j_Initialized.valid<<Environment, InputLocalEnvironment, OutputLocalEnvironment, InputRoot, InputBody, InputProperties, OutputRoot, InputExceptionList, OutputExceptionList, InputDestinationList, OutputDestinationList, rc
2871<<Administration Result<<2018-01-12 10:00:41.536 PKT<<hp\pc<<deploy<<C:/Users/pc/IBM/IIBT10/workspace/GeneratedBarFiles/SimpleLog4jproject.generated.bar<<BAR<<asa<<ExecutionGroup<<FAILED
SimpleLog4j>>aa>>asa>>2>>1515733300196
2087<<Runtime Response<<2018-01-12 10:01:45.473 PKT<<aa<<600e6827-d654-4354-ab78-81bb5fc0f241
4041<<Runtime Response<<2018-01-12 10:01:45.473 PKT<<asa<<7c3b9dbf-280e-4df8-98ab-ad594d6c77fc
2432<<Runtime Response<<2018-01-12 10:01:45.473 PKT<<.SimpleLog4j_Compute.Main<<10.6<<SIMPOC_Log4j_Initialized.valid<<Environment, InputLocalEnvironment, OutputLocalEnvironment, InputRoot, InputBody, InputProperties, OutputRoot, InputExceptionList, OutputExceptionList, InputDestinationList, OutputDestinationList, rc
2871<<Administration Result<<2018-01-12 10:01:45.473 PKT<<hp\pc<<deploy<<C:/Users/pc/IBM/IIBT10/workspace/GeneratedBarFiles/SimpleLog4jproject.generated.bar<<BAR<<asa<<ExecutionGroup<<FAILED
SimpleLog4j>>aa>>asa>>2>>1515733443166
2087<<Runtime Response<<2018-01-12 10:04:09.486 PKT<<aa<<600e6827-d654-4354-ab78-81bb5fc0f241
4041<<Runtime Response<<2018-01-12 10:04:09.486 PKT<<asa<<7c3b9dbf-280e-4df8-98ab-ad594d6c77fc
2432<<Runtime Response<<2018-01-12 10:04:09.486 PKT<<.SimpleLog4j_Compute.Main<<10.6<<SIMPOC_Log4j_Initialized.valid<<Environment, InputLocalEnvironment, OutputLocalEnvironment, InputRoot, InputBody, InputProperties, OutputRoot, InputExceptionList, OutputExceptionList, InputDestinationList, OutputDestinationList, rc
2871<<Administration Result<<2018-01-12 10:04:09.487 PKT<<hp\pc<<deploy<<C:/Users/pc/IBM/IIBT10/workspace/GeneratedBarFiles/SimpleLog4jproject.generated.bar<<BAR<<asa<<ExecutionGroup<<FAILED
SimpleLog4j>>aa>>asa>>2>>1515733880636
2087<<Runtime Response<<2018-01-12 10:11:24.389 PKT<<aa<<600e6827-d654-4354-ab78-81bb5fc0f241
4041<<Runtime Response<<2018-01-12 10:11:24.389 PKT<<asa<<7c3b9dbf-280e-4df8-98ab-ad594d6c77fc
2432<<Runtime Response<<2018-01-12 10:11:24.389 PKT<<.SimpleLog4j_Compute.Main<<10.6<<SIMPOC_Log4j_Initialized.valid<<Environment, InputLocalEnvironment, OutputLocalEnvironment, InputRoot, InputBody, InputProperties, OutputRoot, InputExceptionList, OutputExceptionList, InputDestinationList, OutputDestinationList, rc
2871<<Administration Result<<2018-01-12 10:11:24.389 PKT<<hp\pc<<deploy<<C:/Users/pc/IBM/IIBT10/workspace/GeneratedBarFiles/SimpleLog4jproject.generated.bar<<BAR<<asa<<ExecutionGroup<<FAILED
SimpleLog4j>>aa>>asa>>2>>1515733893609
2087<<Runtime Response<<2018-01-12 10:11:38.140 PKT<<aa<<600e6827-d654-4354-ab78-81bb5fc0f241
4041<<Runtime Response<<2018-01-12 10:11:38.140 PKT<<asa<<7c3b9dbf-280e-4df8-98ab-ad594d6c77fc
2432<<Runtime Response<<2018-01-12 10:11:38.140 PKT<<.SimpleLog4j_Compute.Main<<10.6<<SIMPOC_Log4j_Initialized.valid<<Environment, InputLocalEnvironment, OutputLocalEnvironment, InputRoot, InputBody, InputProperties, OutputRoot, InputExceptionList, OutputExceptionList, InputDestinationList, OutputDestinationList, rc
2871<<Administration Result<<2018-01-12 10:11:38.141 PKT<<hp\pc<<deploy<<C:/Users/pc/IBM/IIBT10/workspace/GeneratedBarFiles/SimpleLog4jproject.generated.bar<<BAR<<asa<<ExecutionGroup<<FAILED
SimpleLog4j>>aa>>asa>>2>>1515734279031
2087<<Runtime Response<<2018-01-12 10:18:02.860 PKT<<aa<<600e6827-d654-4354-ab78-81bb5fc0f241
4041<<Runtime Response<<2018-01-12 10:18:02.860 PKT<<asa<<7c3b9dbf-280e-4df8-98ab-ad594d6c77fc
2432<<Runtime Response<<2018-01-12 10:18:02.861 PKT<<.SimpleLog4j_Compute.Main<<10.6<<SIMPOC_Log4j_Initialized.valid<<Environment, InputLocalEnvironment, OutputLocalEnvironment, InputRoot, InputBody, InputProperties, OutputRoot, InputExceptionList, OutputExceptionList, InputDestinationList, OutputDestinationList, rc
2871<<Administration Result<<2018-01-12 10:18:02.861 PKT<<hp\pc<<deploy<<C:/Users/pc/IBM/IIBT10/workspace/GeneratedBarFiles/SimpleLog4jproject.generated.bar<<BAR<<asa<<ExecutionGroup<<FAILED
SimpleLog4j>>aa>>asa>>2>>1515734339037
2087<<Runtime Response<<2018-01-12 10:19:06.653 PKT<<aa<<600e6827-d654-4354-ab78-81bb5fc0f241
4041<<Runtime Response<<2018-01-12 10:19:06.653 PKT<<asa<<7c3b9dbf-280e-4df8-98ab-ad594d6c77fc
2432<<Runtime Response<<2018-01-12 10:19:06.653 PKT<<.SimpleLog4j_Compute.Main<<10.6<<SIMPOC_Log4j_Initialized.valid<<Environment, InputLocalEnvironment, OutputLocalEnvironment, InputRoot, InputBody, InputProperties, OutputRoot, InputExceptionList, OutputExceptionList, InputDestinationList, OutputDestinationList, rc
2871<<Administration Result<<2018-01-12 10:19:06.654 PKT<<hp\pc<<deploy<<C:/Users/pc/IBM/IIBT10/workspace/GeneratedBarFiles/SimpleLog4jproject.generated.bar<<BAR<<asa<<ExecutionGroup<<FAILED
SimpleLog4j>>aa>>asa>>0>>1515735194820
2871<<Administration Result<<2018-01-12 10:33:21.427 PKT<<hp\pc<<deploy<<C:/Users/pc/IBM/IIBT10/workspace/GeneratedBarFiles/SimpleLog4jproject.generated.bar<<BAR<<asa<<ExecutionGroup<<COMPLETE
SimpleLog4j>>aa>>asa>>0>>1515735368216
2871<<Administration Result<<2018-01-12 10:36:14.000 PKT<<hp\pc<<deploy<<C:/Users/pc/IBM/IIBT10/workspace/GeneratedBarFiles/SimpleLog4jproject.generated.bar<<BAR<<asa<<ExecutionGroup<<COMPLETE
SimpleLog4j>>aa>>asa>>0>>1515739097791
2871<<Administration Result<<2018-01-12 11:38:21.610 PKT<<hp\pc<<deploy<<C:/Users/pc/IBM/IIBT10/workspace/GeneratedBarFiles/SimpleLog4jproject.generated.bar<<BAR<<asa<<ExecutionGroup<<COMPLETE
SimpleLog4j>>aa>>asa>>0>>1515739622041
2871<<Administration Result<<2018-01-12 11:47:05.075 PKT<<hp\pc<<deploy<<C:/Users/pc/IBM/IIBT10/workspace/GeneratedBarFiles/SimpleLog4jproject.generated.bar<<BAR<<asa<<ExecutionGroup<<COMPLETE
SimpleLog4j>>aa>>asa>>0>>1515741721724
2871<<Administration Result<<2018-01-12 12:22:08.313 PKT<<hp\pc<<deploy<<C:/Users/pc/IBM/IIBT10/workspace/GeneratedBarFiles/SimpleLog4jproject.generated.bar<<BAR<<asa<<ExecutionGroup<<COMPLETE
SimpleLog4j>>aa>>asa>>0>>1515751834046
2871<<Administration Result<<2018-01-12 15:10:38.074 PKT<<hp\pc<<deploy<<C:/Users/pc/IBM/IIBT10/workspace/GeneratedBarFiles/SimpleLog4jproject.generated.bar<<BAR<<asa<<ExecutionGroup<<COMPLETE
SimpleLog4j>>aa>>asa>>0>>1515752978092
2871<<Administration Result<<2018-01-12 15:32:59.076 PKT<<hp\pc<<deploy<<C:/Users/pc/IBM/IIBT10/workspace/GeneratedBarFiles/SimpleLog4jproject.generated.bar<<BAR<<asa<<ExecutionGroup<<COMPLETE
SimpleLog4j>>aa>>asa>>0>>1515753187949
2871<<Administration Result<<2018-01-12 15:33:11.112 PKT<<hp\pc<<deploy<<C:/Users/pc/IBM/IIBT10/workspace/GeneratedBarFiles/SimpleLog4jproject.generated.bar<<BAR<<asa<<ExecutionGroup<<COMPLETE
SimpleLog4j>>aa>>asa>>0>>1515753617392
2871<<Administration Result<<2018-01-12 15:40:20.111 PKT<<hp\pc<<deploy<<C:/Users/pc/IBM/IIBT10/workspace/GeneratedBarFiles/SimpleLog4jproject.generated.bar<<BAR<<asa<<ExecutionGroup<<COMPLETE
SimpleLog4j>>aa>>asa>>0>>1515753846055
2871<<Administration Result<<2018-01-12 15:44:08.538 PKT<<hp\pc<<deploy<<C:/Users/pc/IBM/IIBT10/workspace/GeneratedBarFiles/SimpleLog4jproject.generated.bar<<BAR<<asa<<ExecutionGroup<<COMPLETE
SimpleLog4j>>aa>>asa>>0>>1515754471015
2871<<Administration Result<<2018-01-12 15:54:51.778 PKT<<hp\pc<<deploy<<C:/Users/pc/IBM/IIBT10/workspace/GeneratedBarFiles/SimpleLog4jproject.generated.bar<<BAR<<asa<<ExecutionGroup<<COMPLETE
SimpleLog4j>>aa>>asa>>0>>1515754513461
2871<<Administration Result<<2018-01-12 15:55:18.895 PKT<<hp\pc<<deploy<<C:/Users/pc/IBM/IIBT10/workspace/GeneratedBarFiles/SimpleLog4jproject.generated.bar<<BAR<<asa<<ExecutionGroup<<COMPLETE
SimpleLog4j>>aa>>asa>>0>>1515754678453
2871<<Administration Result<<2018-01-12 15:58:00.203 PKT<<hp\pc<<deploy<<C:/Users/pc/IBM/IIBT10/workspace/GeneratedBarFiles/SimpleLog4jproject.generated.bar<<BAR<<asa<<ExecutionGroup<<COMPLETE
SimpleLog4j>>aa>>asa>>0>>1515755049125
2871<<Administration Result<<2018-01-12 16:04:11.785 PKT<<hp\pc<<deploy<<C:/Users/pc/IBM/IIBT10/workspace/GeneratedBarFiles/SimpleLog4jproject.generated.bar<<BAR<<asa<<ExecutionGroup<<COMPLETE
SimpleLog4j>>aa>>asa>>0>>1515755808391
2871<<Administration Result<<2018-01-12 16:16:52.187 PKT<<hp\pc<<deploy<<C:/Users/pc/IBM/IIBT10/workspace/GeneratedBarFiles/SimpleLog4jproject.generated.bar<<BAR<<asa<<ExecutionGroup<<COMPLETE
SimpleLog4j>>aa>>asa>>0>>1515756414293
2871<<Administration Result<<2018-01-12 16:26:59.610 PKT<<hp\pc<<deploy<<C:/Users/pc/IBM/IIBT10/workspace/GeneratedBarFiles/SimpleLog4jproject.generated.bar<<BAR<<asa<<ExecutionGroup<<COMPLETE
SimpleLog4j>>aa>>asa>>0>>1515757171742
2871<<Administration Result<<2018-01-12 16:39:36.490 PKT<<hp\pc<<deploy<<C:/Users/pc/IBM/IIBT10/workspace/GeneratedBarFiles/SimpleLog4jproject.generated.bar<<BAR<<asa<<ExecutionGroup<<COMPLETE
SimpleLog4j>>aa>>asa>>0>>1515758548945
2871<<Administration Result<<2018-01-12 17:02:31.479 PKT<<hp\pc<<deploy<<C:/Users/pc/IBM/IIBT10/workspace/GeneratedBarFiles/SimpleLog4jproject.generated.bar<<BAR<<asa<<ExecutionGroup<<COMPLETE
SimpleLog4j>>aa>>asa>>0>>1515758665216
2871<<Administration Result<<2018-01-12 17:04:29.790 PKT<<hp\pc<<deploy<<C:/Users/pc/IBM/IIBT10/workspace/GeneratedBarFiles/SimpleLog4jproject.generated.bar<<BAR<<asa<<ExecutionGroup<<COMPLETE
AsBitStreamExample>>aa>>asa>>0>>1515759274544
2871<<Administration Result<<2018-01-12 17:14:35.554 PKT<<hp\pc<<deploy<<C:/Users/pc/IBM/IIBT10/workspace/GeneratedBarFiles/AsBitStreamExampleproject.generated.bar<<BAR<<asa<<ExecutionGroup<<COMPLETE
Asbit>>aa>>asa>>0>>1515762009869
2871<<Administration Result<<2018-01-12 18:00:13.723 PKT<<hp\pc<<deploy<<C:/Users/pc/IBM/IIBT10/workspace/GeneratedBarFiles/Asbitproject.generated.bar<<BAR<<asa<<ExecutionGroup<<COMPLETE
aa_asa.bar>>aa>>asa>>0>>1515762199554
2871<<Administration Result<<2018-01-12 18:03:36.339 PKT<<hp\pc<<deploy<<20180112_0603_18<<BAR<<asa<<ExecutionGroup<<COMPLETE
TestLog4jService>>aa>>asa>>0>>1515991455687
2871<<Administration Result<<2018-01-15 09:44:20.311 PKT<<hp\pc<<deploy<<C:/Users/pc/IBM/IIBT10/workspace/TestModeBarFiles/TestLog4jServiceproject.TestMode.bar<<BAR<<asa<<ExecutionGroup<<COMPLETE
TestLog4jService>>aa>>asa>>0>>1515992329958
2871<<Administration Result<<2018-01-15 09:58:53.458 PKT<<hp\pc<<deploy<<C:/Users/pc/IBM/IIBT10/workspace/TestModeBarFiles/TestLog4jServiceproject.TestMode.bar<<BAR<<asa<<ExecutionGroup<<COMPLETE
TestLog4jService>>aa>>asa>>0>>1515993430919
2871<<Administration Result<<2018-01-15 10:17:16.061 PKT<<hp\pc<<deploy<<C:/Users/pc/IBM/IIBT10/workspace/TestModeBarFiles/TestLog4jServiceproject.TestMode.bar<<BAR<<asa<<ExecutionGroup<<COMPLETE
TestLog4jService>>aa>>asa>>0>>1515994371347
2871<<Administration Result<<2018-01-15 10:32:58.372 PKT<<hp\pc<<deploy<<C:/Users/pc/IBM/IIBT10/workspace/TestModeBarFiles/TestLog4jServiceproject.TestMode.bar<<BAR<<asa<<ExecutionGroup<<COMPLETE
TestLog4jService>>aa>>asa>>0>>1515994921048
2871<<Administration Result<<2018-01-15 10:42:08.968 PKT<<hp\pc<<deploy<<C:/Users/pc/IBM/IIBT10/workspace/TestModeBarFiles/TestLog4jServiceproject.TestMode.bar<<BAR<<asa<<ExecutionGroup<<COMPLETE
TestLog4jService>>aa>>asa>>0>>1515996075737
2871<<Administration Result<<2018-01-15 11:01:22.274 PKT<<hp\pc<<deploy<<C:/Users/pc/IBM/IIBT10/workspace/TestModeBarFiles/TestLog4jServiceproject.TestMode.bar<<BAR<<asa<<ExecutionGroup<<COMPLETE
Lab_Wmb_1>>aa>>asa>>2>>1515997379660
2087<<Runtime Response<<2018-01-15 11:23:00.619 PKT<<aa<<600e6827-d654-4354-ab78-81bb5fc0f241
4041<<Runtime Response<<2018-01-15 11:23:00.619 PKT<<asa<<7c3b9dbf-280e-4df8-98ab-ad594d6c77fc
2683<<Runtime Response<<2018-01-15 11:23:00.619 PKT<<PolicyManager
2871<<Administration Result<<2018-01-15 11:23:00.620 PKT<<hp\pc<<deploy<<C:/Users/pc/IBM/IIBT10/workspace/TestModeBarFiles/Lab_Wmb_1project.TestMode.bar<<BAR<<asa<<ExecutionGroup<<FAILED
Lab_Wmb_1>>aa>>aaa>>2>>1515997506516
2087<<Runtime Response<<2018-01-15 11:25:07.341 PKT<<aa<<600e6827-d654-4354-ab78-81bb5fc0f241
4041<<Runtime Response<<2018-01-15 11:25:07.341 PKT<<aaa<<0052a8a0-fae9-4b5d-b365-d54e173b76c8
2683<<Runtime Response<<2018-01-15 11:25:07.341 PKT<<PolicyManager
2871<<Administration Result<<2018-01-15 11:25:07.342 PKT<<hp\pc<<deploy<<C:/Users/pc/IBM/IIBT10/workspace/TestModeBarFiles/Lab_Wmb_1project.TestMode.bar<<BAR<<aaa<<ExecutionGroup<<FAILED
Lab_Wmb_1>>aa>>aaa>>2>>1515997583727
2087<<Runtime Response<<2018-01-15 11:26:24.575 PKT<<aa<<600e6827-d654-4354-ab78-81bb5fc0f241
4041<<Runtime Response<<2018-01-15 11:26:24.576 PKT<<aaa<<0052a8a0-fae9-4b5d-b365-d54e173b76c8
2683<<Runtime Response<<2018-01-15 11:26:24.577 PKT<<PolicyManager
2871<<Administration Result<<2018-01-15 11:26:24.577 PKT<<hp\pc<<deploy<<C:/Users/pc/IBM/IIBT10/workspace/TestModeBarFiles/Lab_Wmb_1project.TestMode.bar<<BAR<<aaa<<ExecutionGroup<<FAILED
Lab_Wmb_1>>aa>>asa>>2>>1516002230908
2087<<Runtime Response<<2018-01-15 12:43:52.221 PKT<<aa<<600e6827-d654-4354-ab78-81bb5fc0f241
4041<<Runtime Response<<2018-01-15 12:43:52.222 PKT<<asa<<7c3b9dbf-280e-4df8-98ab-ad594d6c77fc
2683<<Runtime Response<<2018-01-15 12:43:52.222 PKT<<PolicyManager
2871<<Administration Result<<2018-01-15 12:43:52.222 PKT<<hp\pc<<deploy<<C:/Users/pc/IBM/IIBT10/workspace/TestModeBarFiles/Lab_Wmb_1project.TestMode.bar<<BAR<<asa<<ExecutionGroup<<FAILED
RoutingNode>>aa>>aaa>>0>>1516010767436
2871<<Administration Result<<2018-01-15 15:06:11.870 PKT<<hp\pc<<deploy<<C:/Users/pc/IBM/IIBT10/workspace/TestModeBarFiles/RoutingNodeproject.TestMode.bar<<BAR<<aaa<<ExecutionGroup<<COMPLETE
aa_aaa.bar>>aa>>aaa>>0>>1516010864925
2871<<Administration Result<<2018-01-15 15:07:49.214 PKT<<hp\pc<<deploy<<20180115_0307_43<<BAR<<aaa<<ExecutionGroup<<COMPLETE
aa_aaa.bar>>aa>>aaa>>0>>1516011321903
2871<<Administration Result<<2018-01-15 15:15:26.448 PKT<<hp\pc<<deploy<<20180115_0315_20<<BAR<<aaa<<ExecutionGroup<<COMPLETE
FirstQueue>>aa>>aaa>>0>>1516097594403
2871<<Administration Result<<2018-01-16 15:13:17.976 PKT<<hp\pc<<deploy<<C:/Users/pc/IBM/IIBT10/workspace/GeneratedBarFiles/FirstQueueproject.generated.bar<<BAR<<aaa<<ExecutionGroup<<COMPLETE
NamespacePractice>>aa>>asa>>2>>1516105527107
2087<<Runtime Response<<2018-01-16 17:25:28.896 PKT<<aa<<600e6827-d654-4354-ab78-81bb5fc0f241
4041<<Runtime Response<<2018-01-16 17:25:28.896 PKT<<asa<<7c3b9dbf-280e-4df8-98ab-ad594d6c77fc
2683<<Runtime Response<<2018-01-16 17:25:28.898 PKT<<PolicyManager
2871<<Administration Result<<2018-01-16 17:25:28.898 PKT<<hp\pc<<deploy<<C:/Users/pc/IBM/IIBT10/workspace/GeneratedBarFiles/NamespacePracticeproject.generated.bar<<BAR<<asa<<ExecutionGroup<<FAILED
NamespacePractice>>aa>>asa>>0>>1516105603835
2871<<Administration Result<<2018-01-16 17:26:45.188 PKT<<hp\pc<<deploy<<C:/Users/pc/IBM/IIBT10/workspace/GeneratedBarFiles/NamespacePracticeproject.generated.bar<<BAR<<asa<<ExecutionGroup<<COMPLETE
NamespacePractice>>aa>>asa>>0>>1516106124380
2871<<Administration Result<<2018-01-16 17:35:27.082 PKT<<hp\pc<<deploy<<C:/Users/pc/IBM/IIBT10/workspace/GeneratedBarFiles/NamespacePracticeproject.generated.bar<<BAR<<asa<<ExecutionGroup<<COMPLETE
NamespacePractice>>aa>>asa>>0>>1516106294862
2871<<Administration Result<<2018-01-16 17:38:17.355 PKT<<hp\pc<<deploy<<C:/Users/pc/IBM/IIBT10/workspace/GeneratedBarFiles/NamespacePracticeproject.generated.bar<<BAR<<asa<<ExecutionGroup<<COMPLETE
NamespacePractice>>aa>>asa>>0>>1516106367480
2871<<Administration Result<<2018-01-16 17:39:29.205 PKT<<hp\pc<<deploy<<C:/Users/pc/IBM/IIBT10/workspace/GeneratedBarFiles/NamespacePracticeproject.generated.bar<<BAR<<asa<<ExecutionGroup<<COMPLETE
NamespacePractice>>aa>>asa>>0>>1516106430312
2871<<Administration Result<<2018-01-16 17:40:32.469 PKT<<hp\pc<<deploy<<C:/Users/pc/IBM/IIBT10/workspace/GeneratedBarFiles/NamespacePracticeproject.generated.bar<<BAR<<asa<<ExecutionGroup<<COMPLETE
NamespacePractice>>aa>>asa>>0>>1516106491808
2871<<Administration Result<<2018-01-16 17:41:34.375 PKT<<hp\pc<<deploy<<C:/Users/pc/IBM/IIBT10/workspace/GeneratedBarFiles/NamespacePracticeproject.generated.bar<<BAR<<asa<<ExecutionGroup<<COMPLETE
NamespacePractice>>aa>>asa>>0>>1516106693789
2871<<Administration Result<<2018-01-16 17:44:56.025 PKT<<hp\pc<<deploy<<C:/Users/pc/IBM/IIBT10/workspace/GeneratedBarFiles/NamespacePracticeproject.generated.bar<<BAR<<asa<<ExecutionGroup<<COMPLETE
NamespacePractice>>aa>>asa>>0>>1516106778747
2871<<Administration Result<<2018-01-16 17:46:21.351 PKT<<hp\pc<<deploy<<C:/Users/pc/IBM/IIBT10/workspace/GeneratedBarFiles/NamespacePracticeproject.generated.bar<<BAR<<asa<<ExecutionGroup<<COMPLETE
NamespacePractice>>aa>>asa>>0>>1516106929979
2871<<Administration Result<<2018-01-16 17:48:50.778 PKT<<hp\pc<<deploy<<C:/Users/pc/IBM/IIBT10/workspace/GeneratedBarFiles/NamespacePracticeproject.generated.bar<<BAR<<asa<<ExecutionGroup<<COMPLETE
NamespacePractice>>aa>>asa>>2>>1516164822700
2087<<Runtime Response<<2018-01-17 09:53:46.664 PKT<<aa<<600e6827-d654-4354-ab78-81bb5fc0f241
4041<<Runtime Response<<2018-01-17 09:53:46.664 PKT<<asa<<7c3b9dbf-280e-4df8-98ab-ad594d6c77fc
2432<<Runtime Response<<2018-01-17 09:53:46.664 PKT<<.NamespacePractice_Compute.Main<<13.89<<options<<Environment, InputLocalEnvironment, OutputLocalEnvironment, InputRoot, InputBody, InputProperties, OutputRoot, InputExceptionList, OutputExceptionList, InputDestinationList, OutputDestinationList, rc, ch
2871<<Administration Result<<2018-01-17 09:53:46.664 PKT<<hp\pc<<deploy<<C:/Users/pc/IBM/IIBT10/workspace/GeneratedBarFiles/NamespacePracticeproject.generated.bar<<BAR<<asa<<ExecutionGroup<<FAILED
NamespacePractice>>aa>>asa>>0>>1516165040124
2871<<Administration Result<<2018-01-17 09:57:22.611 PKT<<hp\pc<<deploy<<C:/Users/pc/IBM/IIBT10/workspace/GeneratedBarFiles/NamespacePracticeproject.generated.bar<<BAR<<asa<<ExecutionGroup<<COMPLETE
NamespacePractice>>aa>>asa>>2>>1516168507851
2087<<Runtime Response<<2018-01-17 10:55:10.954 PKT<<aa<<600e6827-d654-4354-ab78-81bb5fc0f241
4041<<Runtime Response<<2018-01-17 10:55:10.954 PKT<<asa<<7c3b9dbf-280e-4df8-98ab-ad594d6c77fc
2432<<Runtime Response<<2018-01-17 10:55:10.954 PKT<<.NamespacePractice_Compute.Main<<13.87<<CCSID<<Environment, InputLocalEnvironment, OutputLocalEnvironment, InputRoot, InputBody, InputProperties, OutputRoot, InputExceptionList, OutputExceptionList, InputDestinationList, OutputDestinationList, rc, ch
2871<<Administration Result<<2018-01-17 10:55:10.955 PKT<<hp\pc<<deploy<<C:/Users/pc/IBM/IIBT10/workspace/GeneratedBarFiles/NamespacePracticeproject.generated.bar<<BAR<<asa<<ExecutionGroup<<FAILED
NamespacePractice>>aa>>asa>>0>>1516168893679
2871<<Administration Result<<2018-01-17 11:01:36.076 PKT<<hp\pc<<deploy<<C:/Users/pc/IBM/IIBT10/workspace/GeneratedBarFiles/NamespacePracticeproject.generated.bar<<BAR<<asa<<ExecutionGroup<<COMPLETE
NamespacePractice>>aa>>asa>>0>>1516169043331
2871<<Administration Result<<2018-01-17 11:04:05.528 PKT<<hp\pc<<deploy<<C:/Users/pc/IBM/IIBT10/workspace/GeneratedBarFiles/NamespacePracticeproject.generated.bar<<BAR<<asa<<ExecutionGroup<<COMPLETE
NamespacePractice>>aa>>asa>>0>>1516169094355
2871<<Administration Result<<2018-01-17 11:04:56.696 PKT<<hp\pc<<deploy<<C:/Users/pc/IBM/IIBT10/workspace/GeneratedBarFiles/NamespacePracticeproject.generated.bar<<BAR<<asa<<ExecutionGroup<<COMPLETE
NamespacePractice>>aa>>asa>>0>>1516169180046
2871<<Administration Result<<2018-01-17 11:06:21.996 PKT<<hp\pc<<deploy<<C:/Users/pc/IBM/IIBT10/workspace/GeneratedBarFiles/NamespacePracticeproject.generated.bar<<BAR<<asa<<ExecutionGroup<<COMPLETE
NamespacePractice>>aa>>asa>>0>>1516169386552
2871<<Administration Result<<2018-01-17 11:09:48.896 PKT<<hp\pc<<deploy<<C:/Users/pc/IBM/IIBT10/workspace/GeneratedBarFiles/NamespacePracticeproject.generated.bar<<BAR<<asa<<ExecutionGroup<<COMPLETE
NamespacePractice>>aa>>asa>>0>>1516169599746
2871<<Administration Result<<2018-01-17 11:13:21.521 PKT<<hp\pc<<deploy<<C:/Users/pc/IBM/IIBT10/workspace/GeneratedBarFiles/NamespacePracticeproject.generated.bar<<BAR<<asa<<ExecutionGroup<<COMPLETE
NamespacePractice>>aa>>asa>>0>>1516169725518
2871<<Administration Result<<2018-01-17 11:15:27.698 PKT<<hp\pc<<deploy<<C:/Users/pc/IBM/IIBT10/workspace/GeneratedBarFiles/NamespacePracticeproject.generated.bar<<BAR<<asa<<ExecutionGroup<<COMPLETE
NamespacePractice>>aa>>asa>>0>>1516169985139
2871<<Administration Result<<2018-01-17 11:19:47.012 PKT<<hp\pc<<deploy<<C:/Users/pc/IBM/IIBT10/workspace/GeneratedBarFiles/NamespacePracticeproject.generated.bar<<BAR<<asa<<ExecutionGroup<<COMPLETE
NamespacePractice>>aa>>asa>>0>>1516170111513
2871<<Administration Result<<2018-01-17 11:21:52.353 PKT<<hp\pc<<deploy<<C:/Users/pc/IBM/IIBT10/workspace/GeneratedBarFiles/NamespacePracticeproject.generated.bar<<BAR<<asa<<ExecutionGroup<<COMPLETE
NamespacePractice>>aa>>asa>>0>>1516170183464
2871<<Administration Result<<2018-01-17 11:23:05.795 PKT<<hp\pc<<deploy<<C:/Users/pc/IBM/IIBT10/workspace/GeneratedBarFiles/NamespacePracticeproject.generated.bar<<BAR<<asa<<ExecutionGroup<<COMPLETE
NamespacePractice>>aa>>asa>>0>>1516170692897
2871<<Administration Result<<2018-01-17 11:31:35.210 PKT<<hp\pc<<deploy<<C:/Users/pc/IBM/IIBT10/workspace/GeneratedBarFiles/NamespacePracticeproject.generated.bar<<BAR<<asa<<ExecutionGroup<<COMPLETE
NamespacePractice>>aa>>asa>>0>>1516170760383
2871<<Administration Result<<2018-01-17 11:32:41.902 PKT<<hp\pc<<deploy<<C:/Users/pc/IBM/IIBT10/workspace/GeneratedBarFiles/NamespacePracticeproject.generated.bar<<BAR<<asa<<ExecutionGroup<<COMPLETE
NamespacePractice>>aa>>asa>>0>>1516170995760
2871<<Administration Result<<2018-01-17 11:36:36.682 PKT<<hp\pc<<deploy<<C:/Users/pc/IBM/IIBT10/workspace/GeneratedBarFiles/NamespacePracticeproject.generated.bar<<BAR<<asa<<ExecutionGroup<<COMPLETE
NamespacePractice>>aa>>asa>>0>>1516172560119
2871<<Administration Result<<2018-01-17 12:02:43.376 PKT<<hp\pc<<deploy<<C:/Users/pc/IBM/IIBT10/workspace/GeneratedBarFiles/NamespacePracticeproject.generated.bar<<BAR<<asa<<ExecutionGroup<<COMPLETE
NamespacePractice>>aa>>asa>>0>>1516172650901
2871<<Administration Result<<2018-01-17 12:04:12.802 PKT<<hp\pc<<deploy<<C:/Users/pc/IBM/IIBT10/workspace/GeneratedBarFiles/NamespacePracticeproject.generated.bar<<BAR<<asa<<ExecutionGroup<<COMPLETE
NamespacePractice>>aa>>asa>>0>>1516172906957
2871<<Administration Result<<2018-01-17 12:08:29.603 PKT<<hp\pc<<deploy<<C:/Users/pc/IBM/IIBT10/workspace/GeneratedBarFiles/NamespacePracticeproject.generated.bar<<BAR<<asa<<ExecutionGroup<<COMPLETE
NamespacePractice>>aa>>asa>>0>>1516173232583
2871<<Administration Result<<2018-01-17 12:13:54.889 PKT<<hp\pc<<deploy<<C:/Users/pc/IBM/IIBT10/workspace/GeneratedBarFiles/NamespacePracticeproject.generated.bar<<BAR<<asa<<ExecutionGroup<<COMPLETE
NamespacePractice>>aa>>asa>>0>>1516173941488
2871<<Administration Result<<2018-01-17 12:25:43.530 PKT<<hp\pc<<deploy<<C:/Users/pc/IBM/IIBT10/workspace/GeneratedBarFiles/NamespacePracticeproject.generated.bar<<BAR<<asa<<ExecutionGroup<<COMPLETE
NamespacePractice>>aa>>asa>>0>>1516174172961
2871<<Administration Result<<2018-01-17 12:29:34.844 PKT<<hp\pc<<deploy<<C:/Users/pc/IBM/IIBT10/workspace/GeneratedBarFiles/NamespacePracticeproject.generated.bar<<BAR<<asa<<ExecutionGroup<<COMPLETE
NamespacePractice>>aa>>asa>>0>>1516174319993
2871<<Administration Result<<2018-01-17 12:32:01.727 PKT<<hp\pc<<deploy<<C:/Users/pc/IBM/IIBT10/workspace/GeneratedBarFiles/NamespacePracticeproject.generated.bar<<BAR<<asa<<ExecutionGroup<<COMPLETE
NamespacePractice>>aa>>asa>>0>>1516175436861
2871<<Administration Result<<2018-01-17 12:50:38.682 PKT<<hp\pc<<deploy<<C:/Users/pc/IBM/IIBT10/workspace/GeneratedBarFiles/NamespacePracticeproject.generated.bar<<BAR<<asa<<ExecutionGroup<<COMPLETE
NamespacePractice>>aa>>asa>>0>>1516175508806
2871<<Administration Result<<2018-01-17 12:51:51.209 PKT<<hp\pc<<deploy<<C:/Users/pc/IBM/IIBT10/workspace/GeneratedBarFiles/NamespacePracticeproject.generated.bar<<BAR<<asa<<ExecutionGroup<<COMPLETE
NamespacePractice>>aa>>asa>>0>>1516176238301
2871<<Administration Result<<2018-01-17 13:03:59.932 PKT<<hp\pc<<deploy<<C:/Users/pc/IBM/IIBT10/workspace/GeneratedBarFiles/NamespacePracticeproject.generated.bar<<BAR<<asa<<ExecutionGroup<<COMPLETE
NamespacePractice>>aa>>asa>>0>>1516177215645
2871<<Administration Result<<2018-01-17 13:22:50.014 PKT<<hp\pc<<deploy<<C:/Users/pc/IBM/IIBT10/workspace/GeneratedBarFiles/NamespacePracticeproject.generated.bar<<BAR<<asa<<ExecutionGroup<<COMPLETE
NamespacePractice>>aa>>asa>>0>>1516177380707
2871<<Administration Result<<2018-01-17 13:23:03.206 PKT<<hp\pc<<deploy<<C:/Users/pc/IBM/IIBT10/workspace/GeneratedBarFiles/NamespacePracticeproject.generated.bar<<BAR<<asa<<ExecutionGroup<<COMPLETE
NamespacePractice>>aa>>asa>>0>>1516177503238
2871<<Administration Result<<2018-01-17 13:25:05.288 PKT<<hp\pc<<deploy<<C:/Users/pc/IBM/IIBT10/workspace/GeneratedBarFiles/NamespacePracticeproject.generated.bar<<BAR<<asa<<ExecutionGroup<<COMPLETE
NamespacePractice>>aa>>asa>>0>>1516177882936
2871<<Administration Result<<2018-01-17 13:31:24.989 PKT<<hp\pc<<deploy<<C:/Users/pc/IBM/IIBT10/workspace/GeneratedBarFiles/NamespacePracticeproject.generated.bar<<BAR<<asa<<ExecutionGroup<<COMPLETE
NamespacePractice>>aa>>asa>>0>>1516180327690
2871<<Administration Result<<2018-01-17 14:12:09.220 PKT<<hp\pc<<deploy<<C:/Users/pc/IBM/IIBT10/workspace/GeneratedBarFiles/NamespacePracticeproject.generated.bar<<BAR<<asa<<ExecutionGroup<<COMPLETE
NamespacePractice>>aa>>asa>>0>>1516180489331
2871<<Administration Result<<2018-01-17 14:14:51.285 PKT<<hp\pc<<deploy<<C:/Users/pc/IBM/IIBT10/workspace/GeneratedBarFiles/NamespacePracticeproject.generated.bar<<BAR<<asa<<ExecutionGroup<<COMPLETE
NamespacePractice>>aa>>asa>>0>>1516180580220
2871<<Administration Result<<2018-01-17 14:16:22.021 PKT<<hp\pc<<deploy<<C:/Users/pc/IBM/IIBT10/workspace/GeneratedBarFiles/NamespacePracticeproject.generated.bar<<BAR<<asa<<ExecutionGroup<<COMPLETE
NamespacePractice>>aa>>asa>>0>>1516180776220
2871<<Administration Result<<2018-01-17 14:19:38.247 PKT<<hp\pc<<deploy<<C:/Users/pc/IBM/IIBT10/workspace/GeneratedBarFiles/NamespacePracticeproject.generated.bar<<BAR<<asa<<ExecutionGroup<<COMPLETE
NamespacePractice>>aa>>asa>>0>>1516180845330
2871<<Administration Result<<2018-01-17 14:20:47.737 PKT<<hp\pc<<deploy<<C:/Users/pc/IBM/IIBT10/workspace/GeneratedBarFiles/NamespacePracticeproject.generated.bar<<BAR<<asa<<ExecutionGroup<<COMPLETE
NamespacePractice>>aa>>asa>>0>>1516181172439
2871<<Administration Result<<2018-01-17 14:26:14.877 PKT<<hp\pc<<deploy<<C:/Users/pc/IBM/IIBT10/workspace/GeneratedBarFiles/NamespacePracticeproject.generated.bar<<BAR<<asa<<ExecutionGroup<<COMPLETE
NamespacePractice>>aa>>asa>>0>>1516181571548
2871<<Administration Result<<2018-01-17 14:32:53.181 PKT<<hp\pc<<deploy<<C:/Users/pc/IBM/IIBT10/workspace/GeneratedBarFiles/NamespacePracticeproject.generated.bar<<BAR<<asa<<ExecutionGroup<<COMPLETE
NamespacePractice>>aa>>asa>>0>>1516181644188
2871<<Administration Result<<2018-01-17 14:34:06.245 PKT<<hp\pc<<deploy<<C:/Users/pc/IBM/IIBT10/workspace/GeneratedBarFiles/NamespacePracticeproject.generated.bar<<BAR<<asa<<ExecutionGroup<<COMPLETE
NamespacePractice>>aa>>asa>>0>>1516181708978
2871<<Administration Result<<2018-01-17 14:35:11.010 PKT<<hp\pc<<deploy<<C:/Users/pc/IBM/IIBT10/workspace/GeneratedBarFiles/NamespacePracticeproject.generated.bar<<BAR<<asa<<ExecutionGroup<<COMPLETE
NamespacePractice>>aa>>asa>>0>>1516182029829
2871<<Administration Result<<2018-01-17 14:41:41.404 PKT<<hp\pc<<deploy<<C:/Users/pc/IBM/IIBT10/workspace/GeneratedBarFiles/NamespacePracticeproject.generated.bar<<BAR<<asa<<ExecutionGroup<<COMPLETE
NamespacePractice>>aa>>asa>>0>>1516182104797
2871<<Administration Result<<2018-01-17 14:41:46.356 PKT<<hp\pc<<deploy<<C:/Users/pc/IBM/IIBT10/workspace/GeneratedBarFiles/NamespacePracticeproject.generated.bar<<BAR<<asa<<ExecutionGroup<<COMPLETE
NamespacePractice>>aa>>asa>>0>>1516182247827
2871<<Administration Result<<2018-01-17 14:44:10.309 PKT<<hp\pc<<deploy<<C:/Users/pc/IBM/IIBT10/workspace/GeneratedBarFiles/NamespacePracticeproject.generated.bar<<BAR<<asa<<ExecutionGroup<<COMPLETE
NamespacePractice>>aa>>asa>>0>>1516182702599
2871<<Administration Result<<2018-01-17 14:51:44.486 PKT<<hp\pc<<deploy<<C:/Users/pc/IBM/IIBT10/workspace/GeneratedBarFiles/NamespacePracticeproject.generated.bar<<BAR<<asa<<ExecutionGroup<<COMPLETE
NamespacePractice>>aa>>asa>>0>>1516182833945
2871<<Administration Result<<2018-01-17 14:53:56.411 PKT<<hp\pc<<deploy<<C:/Users/pc/IBM/IIBT10/workspace/GeneratedBarFiles/NamespacePracticeproject.generated.bar<<BAR<<asa<<ExecutionGroup<<COMPLETE
NamespacePractice>>aa>>asa>>0>>1516182968314
2871<<Administration Result<<2018-01-17 14:56:10.280 PKT<<hp\pc<<deploy<<C:/Users/pc/IBM/IIBT10/workspace/GeneratedBarFiles/NamespacePracticeproject.generated.bar<<BAR<<asa<<ExecutionGroup<<COMPLETE
NamespacePractice>>aa>>asa>>0>>1516185946484
2871<<Administration Result<<2018-01-17 15:46:07.426 PKT<<hp\pc<<deploy<<C:/Users/pc/IBM/IIBT10/workspace/GeneratedBarFiles/NamespacePracticeproject.generated.bar<<BAR<<asa<<ExecutionGroup<<COMPLETE
NamespacePractice>>aa>>asa>>0>>1516185974420
2871<<Administration Result<<2018-01-17 15:46:16.534 PKT<<hp\pc<<deploy<<C:/Users/pc/IBM/IIBT10/workspace/GeneratedBarFiles/NamespacePracticeproject.generated.bar<<BAR<<asa<<ExecutionGroup<<COMPLETE
NamespacePractice>>aa>>asa>>0>>1516186069324
2871<<Administration Result<<2018-01-17 15:47:51.238 PKT<<hp\pc<<deploy<<C:/Users/pc/IBM/IIBT10/workspace/GeneratedBarFiles/NamespacePracticeproject.generated.bar<<BAR<<asa<<ExecutionGroup<<COMPLETE
NamespacePractice>>aa>>asa>>0>>1516186242588
2871<<Administration Result<<2018-01-17 15:50:44.217 PKT<<hp\pc<<deploy<<C:/Users/pc/IBM/IIBT10/workspace/GeneratedBarFiles/NamespacePracticeproject.generated.bar<<BAR<<asa<<ExecutionGroup<<COMPLETE
NamespacePractice>>aa>>asa>>0>>1516186383459
2871<<Administration Result<<2018-01-17 15:53:05.213 PKT<<hp\pc<<deploy<<C:/Users/pc/IBM/IIBT10/workspace/GeneratedBarFiles/NamespacePracticeproject.generated.bar<<BAR<<asa<<ExecutionGroup<<COMPLETE
NamespacePractice>>aa>>asa>>0>>1516186480248
2871<<Administration Result<<2018-01-17 15:54:42.241 PKT<<hp\pc<<deploy<<C:/Users/pc/IBM/IIBT10/workspace/GeneratedBarFiles/NamespacePracticeproject.generated.bar<<BAR<<asa<<ExecutionGroup<<COMPLETE
NamespacePractice>>aa>>asa>>0>>1516186991170
2871<<Administration Result<<2018-01-17 16:03:13.266 PKT<<hp\pc<<deploy<<C:/Users/pc/IBM/IIBT10/workspace/GeneratedBarFiles/NamespacePracticeproject.generated.bar<<BAR<<asa<<ExecutionGroup<<COMPLETE
NamespacePractice>>aa>>asa>>0>>1516187530488
2871<<Administration Result<<2018-01-17 16:12:12.299 PKT<<hp\pc<<deploy<<C:/Users/pc/IBM/IIBT10/workspace/GeneratedBarFiles/NamespacePracticeproject.generated.bar<<BAR<<asa<<ExecutionGroup<<COMPLETE
NamespacePractice>>aa>>asa>>0>>1516187886621
2871<<Administration Result<<2018-01-17 16:18:08.453 PKT<<hp\pc<<deploy<<C:/Users/pc/IBM/IIBT10/workspace/GeneratedBarFiles/NamespacePracticeproject.generated.bar<<BAR<<asa<<ExecutionGroup<<COMPLETE
NamespacePractice>>aa>>asa>>0>>1516187944847
2871<<Administration Result<<2018-01-17 16:19:06.961 PKT<<hp\pc<<deploy<<C:/Users/pc/IBM/IIBT10/workspace/GeneratedBarFiles/NamespacePracticeproject.generated.bar<<BAR<<asa<<ExecutionGroup<<COMPLETE
NamespacePractice>>aa>>asa>>0>>1516188047391
2871<<Administration Result<<2018-01-17 16:20:49.192 PKT<<hp\pc<<deploy<<C:/Users/pc/IBM/IIBT10/workspace/GeneratedBarFiles/NamespacePracticeproject.generated.bar<<BAR<<asa<<ExecutionGroup<<COMPLETE
NamespacePractice>>aa>>asa>>0>>1516188094125
2871<<Administration Result<<2018-01-17 16:21:36.115 PKT<<hp\pc<<deploy<<C:/Users/pc/IBM/IIBT10/workspace/GeneratedBarFiles/NamespacePracticeproject.generated.bar<<BAR<<asa<<ExecutionGroup<<COMPLETE
NamespacePractice>>aa>>asa>>0>>1516188218314
2871<<Administration Result<<2018-01-17 16:23:39.786 PKT<<hp\pc<<deploy<<C:/Users/pc/IBM/IIBT10/workspace/GeneratedBarFiles/NamespacePracticeproject.generated.bar<<BAR<<asa<<ExecutionGroup<<COMPLETE
NamespacePractice>>aa>>asa>>0>>1516188395298
2871<<Administration Result<<2018-01-17 16:26:36.905 PKT<<hp\pc<<deploy<<C:/Users/pc/IBM/IIBT10/workspace/GeneratedBarFiles/NamespacePracticeproject.generated.bar<<BAR<<asa<<ExecutionGroup<<COMPLETE
NamespacePractice>>aa>>asa>>0>>1516188831382
2871<<Administration Result<<2018-01-17 16:33:53.438 PKT<<hp\pc<<deploy<<C:/Users/pc/IBM/IIBT10/workspace/GeneratedBarFiles/NamespacePracticeproject.generated.bar<<BAR<<asa<<ExecutionGroup<<COMPLETE
NamespacePractice>>aa>>asa>>0>>1516189191913
2871<<Administration Result<<2018-01-17 16:39:54.431 PKT<<hp\pc<<deploy<<C:/Users/pc/IBM/IIBT10/workspace/GeneratedBarFiles/NamespacePracticeproject.generated.bar<<BAR<<asa<<ExecutionGroup<<COMPLETE
NamespacePractice>>aa>>asa>>0>>1516189321382
2871<<Administration Result<<2018-01-17 16:42:03.216 PKT<<hp\pc<<deploy<<C:/Users/pc/IBM/IIBT10/workspace/GeneratedBarFiles/NamespacePracticeproject.generated.bar<<BAR<<asa<<ExecutionGroup<<COMPLETE
NamespacePractice>>aa>>asa>>0>>1516189414935
2871<<Administration Result<<2018-01-17 16:43:37.305 PKT<<hp\pc<<deploy<<C:/Users/pc/IBM/IIBT10/workspace/GeneratedBarFiles/NamespacePracticeproject.generated.bar<<BAR<<asa<<ExecutionGroup<<COMPLETE
NamespacePractice>>aa>>asa>>0>>1516189611445
2871<<Administration Result<<2018-01-17 16:46:53.900 PKT<<hp\pc<<deploy<<C:/Users/pc/IBM/IIBT10/workspace/GeneratedBarFiles/NamespacePracticeproject.generated.bar<<BAR<<asa<<ExecutionGroup<<COMPLETE
NamespacePractice>>aa>>asa>>0>>1516189723274
2871<<Administration Result<<2018-01-17 16:48:45.216 PKT<<hp\pc<<deploy<<C:/Users/pc/IBM/IIBT10/workspace/GeneratedBarFiles/NamespacePracticeproject.generated.bar<<BAR<<asa<<ExecutionGroup<<COMPLETE
NamespacePractice>>aa>>asa>>0>>1516189776618
2871<<Administration Result<<2018-01-17 16:49:38.382 PKT<<hp\pc<<deploy<<C:/Users/pc/IBM/IIBT10/workspace/GeneratedBarFiles/NamespacePracticeproject.generated.bar<<BAR<<asa<<ExecutionGroup<<COMPLETE
NamespacePractice>>aa>>asa>>0>>1516189830147
2871<<Administration Result<<2018-01-17 16:50:32.205 PKT<<hp\pc<<deploy<<C:/Users/pc/IBM/IIBT10/workspace/GeneratedBarFiles/NamespacePracticeproject.generated.bar<<BAR<<asa<<ExecutionGroup<<COMPLETE
NamespacePractice>>aa>>asa>>0>>1516189913305
2871<<Administration Result<<2018-01-17 16:51:55.217 PKT<<hp\pc<<deploy<<C:/Users/pc/IBM/IIBT10/workspace/GeneratedBarFiles/NamespacePracticeproject.generated.bar<<BAR<<asa<<ExecutionGroup<<COMPLETE
NamespacePractice>>aa>>asa>>0>>1516190053051
2871<<Administration Result<<2018-01-17 16:54:15.241 PKT<<hp\pc<<deploy<<C:/Users/pc/IBM/IIBT10/workspace/GeneratedBarFiles/NamespacePracticeproject.generated.bar<<BAR<<asa<<ExecutionGroup<<COMPLETE
NamespacePractice>>aa>>asa>>0>>1516190130587
2871<<Administration Result<<2018-01-17 16:55:32.306 PKT<<hp\pc<<deploy<<C:/Users/pc/IBM/IIBT10/workspace/GeneratedBarFiles/NamespacePracticeproject.generated.bar<<BAR<<asa<<ExecutionGroup<<COMPLETE
NamespacePractice>>aa>>asa>>0>>1516190289428
2871<<Administration Result<<2018-01-17 16:58:11.235 PKT<<hp\pc<<deploy<<C:/Users/pc/IBM/IIBT10/workspace/GeneratedBarFiles/NamespacePracticeproject.generated.bar<<BAR<<asa<<ExecutionGroup<<COMPLETE
NamespacePractice>>aa>>asa>>0>>1516190499485
2871<<Administration Result<<2018-01-17 17:01:41.909 PKT<<hp\pc<<deploy<<C:/Users/pc/IBM/IIBT10/workspace/GeneratedBarFiles/NamespacePracticeproject.generated.bar<<BAR<<asa<<ExecutionGroup<<COMPLETE
NamespacePractice>>aa>>asa>>0>>1516190644605
2871<<Administration Result<<2018-01-17 17:04:06.121 PKT<<hp\pc<<deploy<<C:/Users/pc/IBM/IIBT10/workspace/GeneratedBarFiles/NamespacePracticeproject.generated.bar<<BAR<<asa<<ExecutionGroup<<COMPLETE
NamespacePractice>>aa>>asa>>0>>1516190841786
2871<<Administration Result<<2018-01-17 17:07:23.836 PKT<<hp\pc<<deploy<<C:/Users/pc/IBM/IIBT10/workspace/GeneratedBarFiles/NamespacePracticeproject.generated.bar<<BAR<<asa<<ExecutionGroup<<COMPLETE
NamespacePractice>>aa>>asa>>0>>1516190923483
2871<<Administration Result<<2018-01-17 17:08:45.077 PKT<<hp\pc<<deploy<<C:/Users/pc/IBM/IIBT10/workspace/GeneratedBarFiles/NamespacePracticeproject.generated.bar<<BAR<<asa<<ExecutionGroup<<COMPLETE
NamespacePractice>>aa>>asa>>0>>1516190985208
2871<<Administration Result<<2018-01-17 17:09:47.263 PKT<<hp\pc<<deploy<<C:/Users/pc/IBM/IIBT10/workspace/GeneratedBarFiles/NamespacePracticeproject.generated.bar<<BAR<<asa<<ExecutionGroup<<COMPLETE
NamespacePractice>>aa>>asa>>0>>1516191049280
2871<<Administration Result<<2018-01-17 17:10:51.445 PKT<<hp\pc<<deploy<<C:/Users/pc/IBM/IIBT10/workspace/GeneratedBarFiles/NamespacePracticeproject.generated.bar<<BAR<<asa<<ExecutionGroup<<COMPLETE
NamespacePractice>>aa>>asa>>0>>1516191412977
2871<<Administration Result<<2018-01-17 17:16:54.839 PKT<<hp\pc<<deploy<<C:/Users/pc/IBM/IIBT10/workspace/GeneratedBarFiles/NamespacePracticeproject.generated.bar<<BAR<<asa<<ExecutionGroup<<COMPLETE
NamespacePractice>>aa>>asa>>0>>1516191868938
2871<<Administration Result<<2018-01-17 17:24:30.743 PKT<<hp\pc<<deploy<<C:/Users/pc/IBM/IIBT10/workspace/GeneratedBarFiles/NamespacePracticeproject.generated.bar<<BAR<<asa<<ExecutionGroup<<COMPLETE
NamespacePractice>>aa>>asa>>0>>1516193032457
2871<<Administration Result<<2018-01-17 17:43:54.061 PKT<<hp\pc<<deploy<<C:/Users/pc/IBM/IIBT10/workspace/GeneratedBarFiles/NamespacePracticeproject.generated.bar<<BAR<<asa<<ExecutionGroup<<COMPLETE
NamespacePractice>>aa>>asa>>0>>1516193117231
2871<<Administration Result<<2018-01-17 17:45:19.424 PKT<<hp\pc<<deploy<<C:/Users/pc/IBM/IIBT10/workspace/GeneratedBarFiles/NamespacePracticeproject.generated.bar<<BAR<<asa<<ExecutionGroup<<COMPLETE
NamespacePractice>>aa>>asa>>0>>1516193207584
2871<<Administration Result<<2018-01-17 17:46:48.355 PKT<<hp\pc<<deploy<<C:/Users/pc/IBM/IIBT10/workspace/GeneratedBarFiles/NamespacePracticeproject.generated.bar<<BAR<<asa<<ExecutionGroup<<COMPLETE
QueueXML>>aa>>asa>>0>>1516210350516
2871<<Administration Result<<2018-01-17 22:32:33.726 PKT<<hp\pc<<deploy<<C:/Users/pc/IBM/IIBT10/workspace/GeneratedBarFiles/QueueXMLproject.generated.bar<<BAR<<asa<<ExecutionGroup<<COMPLETE
QueueXML>>aa>>asa>>0>>1516210447193
2871<<Administration Result<<2018-01-17 22:34:09.843 PKT<<hp\pc<<deploy<<C:/Users/pc/IBM/IIBT10/workspace/GeneratedBarFiles/QueueXMLproject.generated.bar<<BAR<<asa<<ExecutionGroup<<COMPLETE
QueueXML>>aa>>asa>>0>>1516210600042
2871<<Administration Result<<2018-01-17 22:36:42.275 PKT<<hp\pc<<deploy<<C:/Users/pc/IBM/IIBT10/workspace/GeneratedBarFiles/QueueXMLproject.generated.bar<<BAR<<asa<<ExecutionGroup<<COMPLETE
QueueXML>>aa>>asa>>0>>1516210758550
2871<<Administration Result<<2018-01-17 22:39:20.138 PKT<<hp\pc<<deploy<<C:/Users/pc/IBM/IIBT10/workspace/GeneratedBarFiles/QueueXMLproject.generated.bar<<BAR<<asa<<ExecutionGroup<<COMPLETE
QueueXML>>aa>>asa>>0>>1516211024461
2871<<Administration Result<<2018-01-17 22:43:46.035 PKT<<hp\pc<<deploy<<C:/Users/pc/IBM/IIBT10/workspace/GeneratedBarFiles/QueueXMLproject.generated.bar<<BAR<<asa<<ExecutionGroup<<COMPLETE
QueueXML>>aa>>asa>>0>>1516211057352
2871<<Administration Result<<2018-01-17 22:44:19.896 PKT<<hp\pc<<deploy<<C:/Users/pc/IBM/IIBT10/workspace/GeneratedBarFiles/QueueXMLproject.generated.bar<<BAR<<asa<<ExecutionGroup<<COMPLETE
QueueXML>>aa>>asa>>0>>1516211123597
2871<<Administration Result<<2018-01-17 22:45:25.795 PKT<<hp\pc<<deploy<<C:/Users/pc/IBM/IIBT10/workspace/GeneratedBarFiles/QueueXMLproject.generated.bar<<BAR<<asa<<ExecutionGroup<<COMPLETE
CalculatorService>>aa>>aaa>>0>>1516261062960
2871<<Administration Result<<2018-01-18 12:37:49.936 PKT<<hp\pc<<deploy<<C:/Users/pc/IBM/IIBT10/workspace/GeneratedBarFiles/CalculatorServiceproject.generated.bar<<BAR<<aaa<<ExecutionGroup<<COMPLETE
aa_aaa.bar>>aa>>aaa>>0>>1516261258020
2871<<Administration Result<<2018-01-18 12:41:02.862 PKT<<hp\pc<<deploy<<20180118_1240_56<<BAR<<aaa<<ExecutionGroup<<COMPLETE
CalculatorService>>aa>>aaa>>0>>1516261447528
2871<<Administration Result<<2018-01-18 12:44:14.305 PKT<<hp\pc<<deploy<<C:/Users/pc/IBM/IIBT10/workspace/GeneratedBarFiles/CalculatorServiceproject.generated.bar<<BAR<<aaa<<ExecutionGroup<<COMPLETE
First_Soap_Service>>aa>>aaa>>0>>1516263544081
2871<<Administration Result<<2018-01-18 13:19:06.202 PKT<<hp\pc<<deploy<<C:/Users/pc/IBM/IIBT10/workspace/GeneratedBarFiles/First_Soap_Serviceproject.generated.bar<<BAR<<aaa<<ExecutionGroup<<COMPLETE
First_Soap_Service>>aa>>aaa>>0>>1516268284156
2871<<Administration Result<<2018-01-18 14:38:09.333 PKT<<hp\pc<<deploy<<C:/Users/pc/IBM/IIBT10/workspace/GeneratedBarFiles/First_Soap_Serviceproject.generated.bar<<BAR<<aaa<<ExecutionGroup<<COMPLETE
First_Soap_Service1>>aa>>aaa>>0>>1516269043658
2871<<Administration Result<<2018-01-18 14:50:45.127 PKT<<hp\pc<<deploy<<C:/Users/pc/IBM/IIBT10/workspace/GeneratedBarFiles/First_Soap_Service1project.generated.bar<<BAR<<aaa<<ExecutionGroup<<COMPLETE
First_Soap_Service1>>aa>>aaa>>0>>1516269181640
2871<<Administration Result<<2018-01-18 14:53:02.685 PKT<<hp\pc<<deploy<<C:/Users/pc/IBM/IIBT10/workspace/GeneratedBarFiles/First_Soap_Service1project.generated.bar<<BAR<<aaa<<ExecutionGroup<<COMPLETE
First_Soap_Service>>aa>>aaa>>0>>1516269449831
2871<<Administration Result<<2018-01-18 14:57:32.453 PKT<<hp\pc<<deploy<<C:/Users/pc/IBM/IIBT10/workspace/GeneratedBarFiles/First_Soap_Serviceproject.generated.bar<<BAR<<aaa<<ExecutionGroup<<COMPLETE
First_Soap_Service>>aa>>aaa>>0>>1516269471785
2871<<Administration Result<<2018-01-18 14:57:54.506 PKT<<hp\pc<<deploy<<C:/Users/pc/IBM/IIBT10/workspace/GeneratedBarFiles/First_Soap_Serviceproject.generated.bar<<BAR<<aaa<<ExecutionGroup<<COMPLETE
First_Soap_Service>>aa>>aaa>>0>>1516269493942
2871<<Administration Result<<2018-01-18 14:58:20.700 PKT<<hp\pc<<deploy<<C:/Users/pc/IBM/IIBT10/workspace/GeneratedBarFiles/First_Soap_Serviceproject.generated.bar<<BAR<<aaa<<ExecutionGroup<<COMPLETE
SimpleSoap>>aa>>aaa>>0>>1516270815143
2871<<Administration Result<<2018-01-18 15:20:17.271 PKT<<hp\pc<<deploy<<C:/Users/pc/IBM/IIBT10/workspace/GeneratedBarFiles/SimpleSoapproject.generated.bar<<BAR<<aaa<<ExecutionGroup<<COMPLETE
QueueSoap>>aa>>aaa>>2>>1516273571717
2087<<Runtime Response<<2018-01-18 16:06:13.089 PKT<<aa<<600e6827-d654-4354-ab78-81bb5fc0f241
4041<<Runtime Response<<2018-01-18 16:06:13.089 PKT<<aaa<<0052a8a0-fae9-4b5d-b365-d54e173b76c8
2432<<Runtime Response<<2018-01-18 16:06:13.089 PKT<<.QueueSoap_Filter.Main<<4.23<<InputRoot<<ns, Environment, LocalEnvironment, Root, Body, Properties, ExceptionList, DestinationList, l, v
2871<<Administration Result<<2018-01-18 16:06:13.090 PKT<<hp\pc<<deploy<<C:/Users/pc/IBM/IIBT10/workspace/GeneratedBarFiles/QueueSoapproject.generated.bar<<BAR<<aaa<<ExecutionGroup<<FAILED
QueueSoap>>aa>>aaa>>0>>1516273761830
2871<<Administration Result<<2018-01-18 16:09:24.101 PKT<<hp\pc<<deploy<<C:/Users/pc/IBM/IIBT10/workspace/GeneratedBarFiles/QueueSoapproject.generated.bar<<BAR<<aaa<<ExecutionGroup<<COMPLETE
QueueSoap>>aa>>aaa>>0>>1516274460874
2871<<Administration Result<<2018-01-18 16:21:04.957 PKT<<hp\pc<<deploy<<C:/Users/pc/IBM/IIBT10/workspace/GeneratedBarFiles/QueueSoapproject.generated.bar<<BAR<<aaa<<ExecutionGroup<<COMPLETE
QueueSoap>>aa>>aaa>>0>>1516274871194
2871<<Administration Result<<2018-01-18 16:27:54.444 PKT<<hp\pc<<deploy<<C:/Users/pc/IBM/IIBT10/workspace/GeneratedBarFiles/QueueSoapproject.generated.bar<<BAR<<aaa<<ExecutionGroup<<COMPLETE
QueueSoap>>aa>>aaa>>0>>1516275026137
2871<<Administration Result<<2018-01-18 16:30:28.905 PKT<<hp\pc<<deploy<<C:/Users/pc/IBM/IIBT10/workspace/GeneratedBarFiles/QueueSoapproject.generated.bar<<BAR<<aaa<<ExecutionGroup<<COMPLETE
QueueSoap>>aa>>aaa>>0>>1516276677817
2871<<Administration Result<<2018-01-18 16:58:00.441 PKT<<hp\pc<<deploy<<C:/Users/pc/IBM/IIBT10/workspace/GeneratedBarFiles/QueueSoapproject.generated.bar<<BAR<<aaa<<ExecutionGroup<<COMPLETE
QueueSoap>>aa>>aaa>>0>>1516277161916
2871<<Administration Result<<2018-01-18 17:06:05.285 PKT<<hp\pc<<deploy<<C:/Users/pc/IBM/IIBT10/workspace/GeneratedBarFiles/QueueSoapproject.generated.bar<<BAR<<aaa<<ExecutionGroup<<COMPLETE
QueueSoap>>aa>>aaa>>0>>1516277312282
2871<<Administration Result<<2018-01-18 17:08:38.908 PKT<<hp\pc<<deploy<<C:/Users/pc/IBM/IIBT10/workspace/GeneratedBarFiles/QueueSoapproject.generated.bar<<BAR<<aaa<<ExecutionGroup<<COMPLETE
EnvironmentVariables>>aa>>aaa>>0>>1516301753066
2871<<Administration Result<<2018-01-18 23:55:54.298 PKT<<hp\pc<<deploy<<C:/Users/pc/IBM/IIBT10/workspace/GeneratedBarFiles/EnvironmentVariablesproject.generated.bar<<BAR<<aaa<<ExecutionGroup<<COMPLETE
EnvironmentVariables>>aa>>aaa>>0>>1516302478252
2871<<Administration Result<<2018-01-19 00:08:00.584 PKT<<hp\pc<<deploy<<C:/Users/pc/IBM/IIBT10/workspace/GeneratedBarFiles/EnvironmentVariablesproject.generated.bar<<BAR<<aaa<<ExecutionGroup<<COMPLETE
EnvironmentVariables>>aa>>aaa>>0>>1516302593305
2871<<Administration Result<<2018-01-19 00:09:57.847 PKT<<hp\pc<<deploy<<C:/Users/pc/IBM/IIBT10/workspace/GeneratedBarFiles/EnvironmentVariablesproject.generated.bar<<BAR<<aaa<<ExecutionGroup<<COMPLETE
FilterNode>>aa>>aaa>>0>>1516338273850
2871<<Administration Result<<2018-01-19 10:04:34.763 PKT<<hp\pc<<deploy<<C:/Users/pc/IBM/IIBT10/workspace/GeneratedBarFiles/FilterNodeproject.generated.bar<<BAR<<aaa<<ExecutionGroup<<COMPLETE
FilterNode>>aa>>aaa>>0>>1516338796670
2871<<Administration Result<<2018-01-19 10:13:18.760 PKT<<hp\pc<<deploy<<C:/Users/pc/IBM/IIBT10/workspace/GeneratedBarFiles/FilterNodeproject.generated.bar<<BAR<<aaa<<ExecutionGroup<<COMPLETE
FilterNode>>aa>>aaa>>0>>1516338862422
2871<<Administration Result<<2018-01-19 10:14:24.981 PKT<<hp\pc<<deploy<<C:/Users/pc/IBM/IIBT10/workspace/GeneratedBarFiles/FilterNodeproject.generated.bar<<BAR<<aaa<<ExecutionGroup<<COMPLETE
FilterNode>>aa>>aaa>>2>>1516340220703
2087<<Runtime Response<<2018-01-19 10:37:03.229 PKT<<aa<<600e6827-d654-4354-ab78-81bb5fc0f241
4041<<Runtime Response<<2018-01-19 10:37:03.229 PKT<<aaa<<0052a8a0-fae9-4b5d-b365-d54e173b76c8
2432<<Runtime Response<<2018-01-19 10:37:03.229 PKT<<.FilterNode_Filter.Main<<3.6<<InputRoot<<Environment, LocalEnvironment, Root, Body, Properties, ExceptionList, DestinationList
2871<<Administration Result<<2018-01-19 10:37:03.230 PKT<<hp\pc<<deploy<<C:/Users/pc/IBM/IIBT10/workspace/GeneratedBarFiles/FilterNodeproject.generated.bar<<BAR<<aaa<<ExecutionGroup<<FAILED
FilterNode>>aa>>aaa>>0>>1516340898153
2871<<Administration Result<<2018-01-19 10:48:20.132 PKT<<hp\pc<<deploy<<C:/Users/pc/IBM/IIBT10/workspace/GeneratedBarFiles/FilterNodeproject.generated.bar<<BAR<<aaa<<ExecutionGroup<<COMPLETE
EnvironmentVariables>>aa>>aaa>>0>>1516341326492
2871<<Administration Result<<2018-01-19 10:55:29.177 PKT<<hp\pc<<deploy<<C:/Users/pc/IBM/IIBT10/workspace/GeneratedBarFiles/EnvironmentVariablesproject.generated.bar<<BAR<<aaa<<ExecutionGroup<<COMPLETE
EnvironmentVariables>>aa>>aaa>>0>>1516341716758
2871<<Administration Result<<2018-01-19 11:01:59.735 PKT<<hp\pc<<deploy<<C:/Users/pc/IBM/IIBT10/workspace/GeneratedBarFiles/EnvironmentVariablesproject.generated.bar<<BAR<<aaa<<ExecutionGroup<<COMPLETE
FilterNode>>aa>>aaa>>0>>1516342073578
2871<<Administration Result<<2018-01-19 11:07:55.675 PKT<<hp\pc<<deploy<<C:/Users/pc/IBM/IIBT10/workspace/GeneratedBarFiles/FilterNodeproject.generated.bar<<BAR<<aaa<<ExecutionGroup<<COMPLETE
FilterNode>>aa>>aaa>>0>>1516342754610
2871<<Administration Result<<2018-01-19 11:19:16.691 PKT<<hp\pc<<deploy<<C:/Users/pc/IBM/IIBT10/workspace/GeneratedBarFiles/FilterNodeproject.generated.bar<<BAR<<aaa<<ExecutionGroup<<COMPLETE
FilterNode>>aa>>aaa>>0>>1516342831254
2871<<Administration Result<<2018-01-19 11:20:32.873 PKT<<hp\pc<<deploy<<C:/Users/pc/IBM/IIBT10/workspace/GeneratedBarFiles/FilterNodeproject.generated.bar<<BAR<<aaa<<ExecutionGroup<<COMPLETE
FilterNode>>aa>>aaa>>0>>1516344674775
2871<<Administration Result<<2018-01-19 11:51:16.757 PKT<<hp\pc<<deploy<<C:/Users/pc/IBM/IIBT10/workspace/GeneratedBarFiles/FilterNodeproject.generated.bar<<BAR<<aaa<<ExecutionGroup<<COMPLETE
FilterNode>>aa>>aaa>>0>>1516345305775
2871<<Administration Result<<2018-01-19 12:01:47.653 PKT<<hp\pc<<deploy<<C:/Users/pc/IBM/IIBT10/workspace/GeneratedBarFiles/FilterNodeproject.generated.bar<<BAR<<aaa<<ExecutionGroup<<COMPLETE
FilterNode>>aa>>aaa>>0>>1516345334748
2871<<Administration Result<<2018-01-19 12:02:16.702 PKT<<hp\pc<<deploy<<C:/Users/pc/IBM/IIBT10/workspace/GeneratedBarFiles/FilterNodeproject.generated.bar<<BAR<<aaa<<ExecutionGroup<<COMPLETE
FilterNode>>aa>>aaa>>0>>1516345448292
2871<<Administration Result<<2018-01-19 12:04:09.879 PKT<<hp\pc<<deploy<<C:/Users/pc/IBM/IIBT10/workspace/GeneratedBarFiles/FilterNodeproject.generated.bar<<BAR<<aaa<<ExecutionGroup<<COMPLETE
FilterNode>>aa>>aaa>>0>>1516345488275
2871<<Administration Result<<2018-01-19 12:04:49.896 PKT<<hp\pc<<deploy<<C:/Users/pc/IBM/IIBT10/workspace/GeneratedBarFiles/FilterNodeproject.generated.bar<<BAR<<aaa<<ExecutionGroup<<COMPLETE
FilterNode>>aa>>aaa>>0>>1516345787183
2871<<Administration Result<<2018-01-19 12:09:48.695 PKT<<hp\pc<<deploy<<C:/Users/pc/IBM/IIBT10/workspace/GeneratedBarFiles/FilterNodeproject.generated.bar<<BAR<<aaa<<ExecutionGroup<<COMPLETE
FilterNode>>aa>>aaa>>0>>1516346326320
2871<<Administration Result<<2018-01-19 12:18:48.231 PKT<<hp\pc<<deploy<<C:/Users/pc/IBM/IIBT10/workspace/GeneratedBarFiles/FilterNodeproject.generated.bar<<BAR<<aaa<<ExecutionGroup<<COMPLETE
FilterNode>>aa>>aaa>>0>>1516346664023
2871<<Administration Result<<2018-01-19 12:24:26.285 PKT<<hp\pc<<deploy<<C:/Users/pc/IBM/IIBT10/workspace/GeneratedBarFiles/FilterNodeproject.generated.bar<<BAR<<aaa<<ExecutionGroup<<COMPLETE
FilterNode>>aa>>aaa>>0>>1516347236963
2871<<Administration Result<<2018-01-19 12:33:58.752 PKT<<hp\pc<<deploy<<C:/Users/pc/IBM/IIBT10/workspace/GeneratedBarFiles/FilterNodeproject.generated.bar<<BAR<<aaa<<ExecutionGroup<<COMPLETE
FilterNode>>aa>>aaa>>0>>1516348291275
2871<<Administration Result<<2018-01-19 12:51:33.502 PKT<<hp\pc<<deploy<<C:/Users/pc/IBM/IIBT10/workspace/GeneratedBarFiles/FilterNodeproject.generated.bar<<BAR<<aaa<<ExecutionGroup<<COMPLETE
FilterNode>>aa>>aaa>>0>>1516348423383
2871<<Administration Result<<2018-01-19 12:53:45.361 PKT<<hp\pc<<deploy<<C:/Users/pc/IBM/IIBT10/workspace/GeneratedBarFiles/FilterNodeproject.generated.bar<<BAR<<aaa<<ExecutionGroup<<COMPLETE
FilterNode>>aa>>aaa>>0>>1516348510719
2871<<Administration Result<<2018-01-19 12:55:12.546 PKT<<hp\pc<<deploy<<C:/Users/pc/IBM/IIBT10/workspace/GeneratedBarFiles/FilterNodeproject.generated.bar<<BAR<<aaa<<ExecutionGroup<<COMPLETE
FilterNode>>aa>>aaa>>0>>1516348612698
2871<<Administration Result<<2018-01-19 12:56:54.752 PKT<<hp\pc<<deploy<<C:/Users/pc/IBM/IIBT10/workspace/GeneratedBarFiles/FilterNodeproject.generated.bar<<BAR<<aaa<<ExecutionGroup<<COMPLETE
FilterNode>>aa>>aaa>>0>>1516348849757
2871<<Administration Result<<2018-01-19 13:00:51.304 PKT<<hp\pc<<deploy<<C:/Users/pc/IBM/IIBT10/workspace/GeneratedBarFiles/FilterNodeproject.generated.bar<<BAR<<aaa<<ExecutionGroup<<COMPLETE
FilterNode>>aa>>aaa>>0>>1516353315095
2871<<Administration Result<<2018-01-19 14:15:17.055 PKT<<hp\pc<<deploy<<C:/Users/pc/IBM/IIBT10/workspace/GeneratedBarFiles/FilterNodeproject.generated.bar<<BAR<<aaa<<ExecutionGroup<<COMPLETE
MasterCardMoneySend>>aa>>asa>>2>>1516358569706
2087<<Runtime Response<<2018-01-19 15:42:52.758 PKT<<aa<<600e6827-d654-4354-ab78-81bb5fc0f241
4041<<Runtime Response<<2018-01-19 15:42:52.759 PKT<<asa<<7c3b9dbf-280e-4df8-98ab-ad594d6c77fc
2492<<Runtime Response<<2018-01-19 15:42:52.759 PKT<<.MoneySendReversal_Compute.Main<<55.34<<ASBITSTREAM<<1
2871<<Administration Result<<2018-01-19 15:42:52.759 PKT<<hp\pc<<deploy<<C:/Users/pc/IBM/IIBT10/workspace/GeneratedBarFiles/MasterCardMoneySendproject.generated.bar<<BAR<<asa<<ExecutionGroup<<FAILED
MasterCardMoneySend>>aa>>asa>>2>>1516358929228
2087<<Runtime Response<<2018-01-19 15:48:51.215 PKT<<aa<<600e6827-d654-4354-ab78-81bb5fc0f241
4041<<Runtime Response<<2018-01-19 15:48:51.216 PKT<<asa<<7c3b9dbf-280e-4df8-98ab-ad594d6c77fc
2492<<Runtime Response<<2018-01-19 15:48:51.216 PKT<<.MoneySend_Compute.Main<<120.34<<ASBITSTREAM<<1
2871<<Administration Result<<2018-01-19 15:48:51.216 PKT<<hp\pc<<deploy<<C:/Users/pc/IBM/IIBT10/workspace/GeneratedBarFiles/MasterCardMoneySendproject.generated.bar<<BAR<<asa<<ExecutionGroup<<FAILED
MasterCardMoneySend>>aa>>asa>>2>>1516358946216
2087<<Runtime Response<<2018-01-19 15:49:08.215 PKT<<aa<<600e6827-d654-4354-ab78-81bb5fc0f241
4041<<Runtime Response<<2018-01-19 15:49:08.216 PKT<<asa<<7c3b9dbf-280e-4df8-98ab-ad594d6c77fc
2432<<Runtime Response<<2018-01-19 15:49:08.216 PKT<<.MoneySendReversal_Compute1.Main<<23.46<<decodedInputBlob<<ns49, ns2, ns, Environment, InputLocalEnvironment, OutputLocalEnvironment, InputRoot, InputBody, InputProperties, OutputRoot, InputExceptionList, OutputExceptionList, InputDestinationList, OutputDestinationList, rc, ch, ch1
2871<<Administration Result<<2018-01-19 15:49:08.216 PKT<<hp\pc<<deploy<<C:/Users/pc/IBM/IIBT10/workspace/GeneratedBarFiles/MasterCardMoneySendproject.generated.bar<<BAR<<asa<<ExecutionGroup<<FAILED
MasterCardMoneySend>>aa>>aaa>>2>>1516454434945
2087<<Runtime Response<<2018-01-20 18:20:42.186 PKT<<aa<<600e6827-d654-4354-ab78-81bb5fc0f241
4041<<Runtime Response<<2018-01-20 18:20:42.187 PKT<<aaa<<0052a8a0-fae9-4b5d-b365-d54e173b76c8
2492<<Runtime Response<<2018-01-20 18:20:42.187 PKT<<.MoneySendReversal_Compute.Main<<55.34<<ASBITSTREAM<<1
2871<<Administration Result<<2018-01-20 18:20:42.187 PKT<<hp\pc<<deploy<<C:/Users/pc/IBM/IIBT10/workspace/GeneratedBarFiles/MasterCardMoneySendproject.generated.bar<<BAR<<aaa<<ExecutionGroup<<FAILED
DatabaseConnection>>aa>>asa>>2>>1516555838429
2851<<aa<<2018-01-21 22:30:38.473 PKT<<deploy<<ExecutionGroup<<asa<<ExecutionGroup<<7c3b9dbf-280e-4df8-98ab-ad594d6c77fc<<<<<<<<<<
DatabaseConnection>>aa>>asa>>0>>1516555896763
2871<<Administration Result<<2018-01-21 22:31:40.917 PKT<<hp\pc<<deploy<<C:/Users/pc/IBM/IIBT10/workspace/GeneratedBarFiles/DatabaseConnectionproject.generated.bar<<BAR<<asa<<ExecutionGroup<<COMPLETE
DatabaseConnection>>aa>>asa>>0>>1516556169736
2871<<Administration Result<<2018-01-21 22:36:12.507 PKT<<hp\pc<<deploy<<C:/Users/pc/IBM/IIBT10/workspace/GeneratedBarFiles/DatabaseConnectionproject.generated.bar<<BAR<<asa<<ExecutionGroup<<COMPLETE
DatabaseConnection>>aa>>asa>>2>>1516557173782
2087<<Runtime Response<<2018-01-21 22:52:57.134 PKT<<aa<<600e6827-d654-4354-ab78-81bb5fc0f241
4041<<Runtime Response<<2018-01-21 22:52:57.136 PKT<<asa<<7c3b9dbf-280e-4df8-98ab-ad594d6c77fc
2432<<Runtime Response<<2018-01-21 22:52:57.136 PKT<<.DatabaseConnection_Compute.Main<<5.25<<oracle_dsn<<Environment, InputLocalEnvironment, OutputLocalEnvironment, InputRoot, InputBody, InputProperties, OutputRoot, InputExceptionList, OutputExceptionList, InputDestinationList, OutputDestinationList
2871<<Administration Result<<2018-01-21 22:52:57.136 PKT<<hp\pc<<deploy<<C:/Users/pc/IBM/IIBT10/workspace/GeneratedBarFiles/DatabaseConnectionproject.generated.bar<<BAR<<asa<<ExecutionGroup<<FAILED
DatabaseConnection>>aa>>asa>>0>>1516605169890
2871<<Administration Result<<2018-01-22 12:12:52.040 PKT<<hp\pc<<deploy<<C:/Users/pc/IBM/IIBT10/workspace/GeneratedBarFiles/DatabaseConnectionproject.generated.bar<<BAR<<asa<<ExecutionGroup<<COMPLETE
DatabaseConnection>>aa>>asa>>0>>1516605271735
2871<<Administration Result<<2018-01-22 12:14:34.398 PKT<<hp\pc<<deploy<<C:/Users/pc/IBM/IIBT10/workspace/GeneratedBarFiles/DatabaseConnectionproject.generated.bar<<BAR<<asa<<ExecutionGroup<<COMPLETE
DatabaseConnection>>aa>>asa>>0>>1516605459347
2871<<Administration Result<<2018-01-22 12:17:41.004 PKT<<hp\pc<<deploy<<C:/Users/pc/IBM/IIBT10/workspace/GeneratedBarFiles/DatabaseConnectionproject.generated.bar<<BAR<<asa<<ExecutionGroup<<COMPLETE
DatabaseConnection>>aa>>asa>>0>>1516605827704
2871<<Administration Result<<2018-01-22 12:23:52.432 PKT<<hp\pc<<deploy<<C:/Users/pc/IBM/IIBT10/workspace/GeneratedBarFiles/DatabaseConnectionproject.generated.bar<<BAR<<asa<<ExecutionGroup<<COMPLETE
DatabaseConnection>>aa>>asa>>0>>1516605920736
2871<<Administration Result<<2018-01-22 12:25:23.292 PKT<<hp\pc<<deploy<<C:/Users/pc/IBM/IIBT10/workspace/GeneratedBarFiles/DatabaseConnectionproject.generated.bar<<BAR<<asa<<ExecutionGroup<<COMPLETE
DatabaseConnection>>aa>>asa>>0>>1516605980713
2871<<Administration Result<<2018-01-22 12:26:23.242 PKT<<hp\pc<<deploy<<C:/Users/pc/IBM/IIBT10/workspace/GeneratedBarFiles/DatabaseConnectionproject.generated.bar<<BAR<<asa<<ExecutionGroup<<COMPLETE
DatabaseConnection>>aa>>asa>>0>>1516606034883
2871<<Administration Result<<2018-01-22 12:27:17.004 PKT<<hp\pc<<deploy<<C:/Users/pc/IBM/IIBT10/workspace/GeneratedBarFiles/DatabaseConnectionproject.generated.bar<<BAR<<asa<<ExecutionGroup<<COMPLETE
DatabaseConnection>>aa>>asa>>0>>1516606549360
2871<<Administration Result<<2018-01-22 12:35:50.340 PKT<<hp\pc<<deploy<<C:/Users/pc/IBM/IIBT10/workspace/GeneratedBarFiles/DatabaseConnectionproject.generated.bar<<BAR<<asa<<ExecutionGroup<<COMPLETE
DatabaseConnection>>aa>>asa>>0>>1516606761208
2871<<Administration Result<<2018-01-22 12:39:23.496 PKT<<hp\pc<<deploy<<C:/Users/pc/IBM/IIBT10/workspace/GeneratedBarFiles/DatabaseConnectionproject.generated.bar<<BAR<<asa<<ExecutionGroup<<COMPLETE
DatabaseConnection>>aa>>asa>>0>>1516606820266
2871<<Administration Result<<2018-01-22 12:40:22.298 PKT<<hp\pc<<deploy<<C:/Users/pc/IBM/IIBT10/workspace/GeneratedBarFiles/DatabaseConnectionproject.generated.bar<<BAR<<asa<<ExecutionGroup<<COMPLETE
DatabaseConnection>>aa>>asa>>0>>1516606973855
2871<<Administration Result<<2018-01-22 12:42:56.209 PKT<<hp\pc<<deploy<<C:/Users/pc/IBM/IIBT10/workspace/GeneratedBarFiles/DatabaseConnectionproject.generated.bar<<BAR<<asa<<ExecutionGroup<<COMPLETE
DatabaseConnection>>aa>>asa>>0>>1516607013853
2871<<Administration Result<<2018-01-22 12:43:35.665 PKT<<hp\pc<<deploy<<C:/Users/pc/IBM/IIBT10/workspace/GeneratedBarFiles/DatabaseConnectionproject.generated.bar<<BAR<<asa<<ExecutionGroup<<COMPLETE
DatabaseConnection>>aa>>asa>>0>>1516607712204
2871<<Administration Result<<2018-01-22 12:55:13.182 PKT<<hp\pc<<deploy<<C:/Users/pc/IBM/IIBT10/workspace/GeneratedBarFiles/DatabaseConnectionproject.generated.bar<<BAR<<asa<<ExecutionGroup<<COMPLETE
DatabaseConnection>>aa>>asa>>0>>1516607800288
2871<<Administration Result<<2018-01-22 12:56:42.492 PKT<<hp\pc<<deploy<<C:/Users/pc/IBM/IIBT10/workspace/GeneratedBarFiles/DatabaseConnectionproject.generated.bar<<BAR<<asa<<ExecutionGroup<<COMPLETE
DatabaseConnection>>aa>>asa>>0>>1516609357879
2871<<Administration Result<<2018-01-22 13:22:41.952 PKT<<hp\pc<<deploy<<C:/Users/pc/IBM/IIBT10/workspace/GeneratedBarFiles/DatabaseConnectionproject.generated.bar<<BAR<<asa<<ExecutionGroup<<COMPLETE
