Oct 15, 2017 12:17:32 AM INFO: Could not connect to the repository OT4I GitHub Pattern Repository located at 'http://ot4i.github.io/iib-patterns/en/repo_metadata.json'.
Oct 15, 2017 12:17:32 AM INFO: Could not connect to the repository Experimental OT4I GitHub Pattern Repository located at 'http://ot4i.github.io/iib-patterns/en/experimental/repo_metadata.json'.
Oct 17, 2017 10:38:53 PM INFO: Could not connect to the repository OT4I GitHub Pattern Repository located at 'http://ot4i.github.io/iib-patterns/en/repo_metadata.json'.
Oct 17, 2017 10:38:53 PM INFO: Could not connect to the repository Experimental OT4I GitHub Pattern Repository located at 'http://ot4i.github.io/iib-patterns/en/experimental/repo_metadata.json'.
Oct 22, 2017 3:15:53 PM INFO: Could not connect to the repository OT4I GitHub Pattern Repository located at 'http://ot4i.github.io/iib-patterns/en/repo_metadata.json'.
Oct 22, 2017 3:15:54 PM INFO: Could not connect to the repository Experimental OT4I GitHub Pattern Repository located at 'http://ot4i.github.io/iib-patterns/en/experimental/repo_metadata.json'.
Oct 31, 2017 7:04:26 PM INFO: Could not connect to the repository OT4I GitHub Pattern Repository located at 'http://ot4i.github.io/iib-patterns/en/repo_metadata.json'.
Oct 31, 2017 7:04:26 PM INFO: Could not connect to the repository Experimental OT4I GitHub Pattern Repository located at 'http://ot4i.github.io/iib-patterns/en/experimental/repo_metadata.json'.
Jan 9, 2018 9:07:31 AM INFO: Could not connect to the repository OT4I GitHub Pattern Repository located at 'http://ot4i.github.io/iib-patterns/en/repo_metadata.json'.
Jan 9, 2018 9:07:31 AM INFO: Could not connect to the repository Experimental OT4I GitHub Pattern Repository located at 'http://ot4i.github.io/iib-patterns/en/experimental/repo_metadata.json'.
Jan 10, 2018 9:19:34 AM INFO: Could not connect to the repository OT4I GitHub Pattern Repository located at 'http://ot4i.github.io/iib-patterns/en/repo_metadata.json'.
Jan 10, 2018 9:19:34 AM INFO: Could not connect to the repository Experimental OT4I GitHub Pattern Repository located at 'http://ot4i.github.io/iib-patterns/en/experimental/repo_metadata.json'.
Jan 10, 2018 3:02:31 PM INFO: Could not connect to the repository OT4I GitHub Pattern Repository located at 'http://ot4i.github.io/iib-patterns/en/repo_metadata.json'.
Jan 10, 2018 3:02:31 PM INFO: Could not connect to the repository Experimental OT4I GitHub Pattern Repository located at 'http://ot4i.github.io/iib-patterns/en/experimental/repo_metadata.json'.
Jan 11, 2018 9:08:23 AM INFO: Could not connect to the repository OT4I GitHub Pattern Repository located at 'http://ot4i.github.io/iib-patterns/en/repo_metadata.json'.
Jan 11, 2018 9:08:24 AM INFO: Could not connect to the repository Experimental OT4I GitHub Pattern Repository located at 'http://ot4i.github.io/iib-patterns/en/experimental/repo_metadata.json'.
Jan 15, 2018 9:11:39 AM INFO: Could not connect to the repository OT4I GitHub Pattern Repository located at 'http://ot4i.github.io/iib-patterns/en/repo_metadata.json'.
Jan 15, 2018 9:11:39 AM INFO: Could not connect to the repository Experimental OT4I GitHub Pattern Repository located at 'http://ot4i.github.io/iib-patterns/en/experimental/repo_metadata.json'.
Jan 17, 2018 9:38:38 AM INFO: Could not connect to the repository OT4I GitHub Pattern Repository located at 'http://ot4i.github.io/iib-patterns/en/repo_metadata.json'.
Jan 17, 2018 9:38:38 AM INFO: Could not connect to the repository Experimental OT4I GitHub Pattern Repository located at 'http://ot4i.github.io/iib-patterns/en/experimental/repo_metadata.json'.
Jan 18, 2018 9:19:48 AM INFO: Could not connect to the repository OT4I GitHub Pattern Repository located at 'http://ot4i.github.io/iib-patterns/en/repo_metadata.json'.
Jan 18, 2018 9:19:53 AM INFO: Could not connect to the repository Experimental OT4I GitHub Pattern Repository located at 'http://ot4i.github.io/iib-patterns/en/experimental/repo_metadata.json'.
Jan 19, 2018 9:11:21 AM INFO: Could not connect to the repository OT4I GitHub Pattern Repository located at 'http://ot4i.github.io/iib-patterns/en/repo_metadata.json'.
Jan 19, 2018 9:11:26 AM INFO: Could not connect to the repository Experimental OT4I GitHub Pattern Repository located at 'http://ot4i.github.io/iib-patterns/en/experimental/repo_metadata.json'.
Jan 22, 2018 1:21:35 PM INFO: Could not connect to the repository OT4I GitHub Pattern Repository located at 'http://ot4i.github.io/iib-patterns/en/repo_metadata.json'.
Jan 22, 2018 1:21:35 PM INFO: Could not connect to the repository Experimental OT4I GitHub Pattern Repository located at 'http://ot4i.github.io/iib-patterns/en/experimental/repo_metadata.json'.
